<?xml version="1.0" encoding="utf-8"?><testsuites name="pytest tests"><testsuite name="pytest" errors="0" failures="0" skipped="0" tests="30" time="13.834" timestamp="2026-04-04T02:40:32.768578+00:00" hostname="agent-env-ba57f1c5-2c1c-49c6-a3fe-28cd8f27846c"><testcase classname="backend.tests.test_iteration_48_full_audit.TestPublicEndpoints" name="test_health_endpoint" time="0.246" /><testcase classname="backend.tests.test_iteration_48_full_audit.TestPublicEndpoints" name="test_contact_endpoint" time="0.111" /><testcase classname="backend.tests.test_iteration_48_full_audit.TestPublicEndpoints" name="test_booking_endpoint" time="0.116" /><testcase classname="backend.tests.test_iteration_48_full_audit.TestPublicEndpoints" name="test_chat_message_endpoint" time="10.124" /><testcase classname="backend.tests.test_iteration_48_full_audit.TestPublicEndpoints" name="test_quote_request_endpoint" time="0.139" /><testcase classname="backend.tests.test_iteration_48_full_audit.TestAdminLogin" name="test_admin_login_returns_token" time="0.151" /><testcase classname="backend.tests.test_iteration_48_full_audit.TestNewAdminEndpoints" name="test_billing_overview" time="0.264" /><testcase classname="backend.tests.test_iteration_48_full_audit.TestNewAdminEndpoints" name="test_outbound_campaigns" time="0.116" /><testcase classname="backend.tests.test_iteration_48_full_audit.TestNewAdminEndpoints" name="test_monitoring_health" time="0.102" /><testcase classname="backend.tests.test_iteration_48_full_audit.TestNewAdminEndpoints" name="test_monitoring_workers" time="0.106" /><testcase classname="backend.tests.test_iteration_48_full_audit.TestNewAdminEndpoints" name="test_memory_stats" time="0.126" /><testcase classname="backend.tests.test_iteration_48_full_audit.TestNewAdminEndpoints" name="test_oracle_snapshot" time="0.124" /><testcase classname="backend.tests.test_iteration_48_full_audit.TestNewAdminEndpoints" name="test_oracle_contact_by_email" time="0.117" /><testcase classname="backend.tests.test_iteration_48_full_audit.TestWorkerSystem" name="test_workers_status" time="0.114" /><testcase classname="backend.tests.test_iteration_48_full_audit.TestExistingAdminEndpoints" name="test_admin_stats" time="0.096" /><testcase classname="backend.tests.test_iteration_48_full_audit.TestExistingAdminEndpoints" name="test_admin_leads" time="0.105" /><testcase classname="backend.tests.test_iteration_48_full_audit.TestExistingAdminEndpoints" name="test_admin_quotes" time="0.113" /><testcase classname="backend.tests.test_iteration_48_full_audit.TestExistingAdminEndpoints" name="test_admin_invoices" time="0.110" /><testcase classname="backend.tests.test_iteration_48_full_audit.TestExistingAdminEndpoints" name="test_admin_bookings" time="0.120" /><testcase classname="backend.tests.test_iteration_48_full_audit.TestExistingAdminEndpoints" name="test_admin_audit_health" time="0.113" /><testcase classname="backend.tests.test_iteration_48_full_audit.TestExistingAdminEndpoints" name="test_admin_llm_status" time="0.108" /><testcase classname="backend.tests.test_iteration_48_full_audit.TestRateLimiting" name="test_rate_limiter_active" time="0.100" /><testcase classname="backend.tests.test_iteration_48_full_audit.TestLegalPages" name="test_impressum_page" time="0.130" /><testcase classname="backend.tests.test_iteration_48_full_audit.TestLegalPages" name="test_datenschutz_page" time="0.125" /><testcase classname="backend.tests.test_iteration_48_full_audit.TestLegalPages" name="test_agb_page" time="0.105" /><testcase classname="backend.tests.test_iteration_48_full_audit.TestLegalPages" name="test_ki_hinweise_page" time="0.115" /><testcase classname="backend.tests.test_iteration_48_full_audit.TestBookingPage" name="test_termin_page_accessible" time="0.114" /><testcase classname="backend.tests.test_iteration_48_full_audit.TestBookingPage" name="test_booking_page_accessible" time="0.104" /><testcase classname="backend.tests.test_iteration_48_full_audit.TestBookingPage" name="test_booking_slots_endpoint" time="0.115" /><testcase classname="backend.tests.test_iteration_48_full_audit.TestLandingPage" name="test_landing_page_accessible" time="0.098" /></testsuite></testsuites>