<?xml version="1.0" encoding="utf-8"?><testsuites name="pytest tests"><testsuite name="pytest" errors="0" failures="0" skipped="0" tests="19" time="2.777" timestamp="2026-04-03T03:26:15.278602+00:00" hostname="agent-env-e511dfe9-fc84-4edd-9e5e-6ba9f2cea19f"><testcase classname="backend.tests.test_iteration_17.TestHealthAndBasics" name="test_health_endpoint" time="0.186" /><testcase classname="backend.tests.test_iteration_17.TestHealthAndBasics" name="test_company_endpoint" time="0.134" /><testcase classname="backend.tests.test_iteration_17.TestProductAPIs" name="test_tariffs_endpoint" time="0.140" /><testcase classname="backend.tests.test_iteration_17.TestProductAPIs" name="test_product_descriptions" time="0.122" /><testcase classname="backend.tests.test_iteration_17.TestProductAPIs" name="test_product_faq" time="0.127" /><testcase classname="backend.tests.test_iteration_17.TestPDFTariffSheet" name="test_tariff_sheet_all" time="0.273" /><testcase classname="backend.tests.test_iteration_17.TestPDFTariffSheet" name="test_tariff_sheet_seo" time="0.137" /><testcase classname="backend.tests.test_iteration_17.TestPDFTariffSheet" name="test_tariff_sheet_agents" time="0.134" /><testcase classname="backend.tests.test_iteration_17.TestBookingSlots" name="test_booking_slots_future_date" time="0.134" /><testcase classname="backend.tests.test_iteration_17.TestBookingSlots" name="test_booking_slots_another_date" time="0.129" /><testcase classname="backend.tests.test_iteration_17.TestFrontendPages" name="test_homepage_loads" time="0.122" /><testcase classname="backend.tests.test_iteration_17.TestFrontendPages" name="test_german_legal_impressum" time="0.128" /><testcase classname="backend.tests.test_iteration_17.TestFrontendPages" name="test_german_legal_datenschutz" time="0.126" /><testcase classname="backend.tests.test_iteration_17.TestFrontendPages" name="test_german_legal_agb" time="0.127" /><testcase classname="backend.tests.test_iteration_17.TestFrontendPages" name="test_integration_detail_salesforce" time="0.122" /><testcase classname="backend.tests.test_iteration_17.TestUmlautCheck" name="test_no_ascii_umlauts_in_tariffs" time="0.141" /><testcase classname="backend.tests.test_iteration_17.TestUmlautCheck" name="test_no_ascii_umlauts_in_faq" time="0.147" /><testcase classname="backend.tests.test_iteration_17.TestUmlautCheck" name="test_no_ascii_umlauts_in_descriptions" time="0.126" /><testcase classname="backend.tests.test_iteration_17.TestAnalytics" name="test_analytics_track" time="0.128" /></testsuite></testsuites>