<?xml version="1.0" encoding="utf-8"?><testsuites name="pytest tests"><testsuite name="pytest" errors="0" failures="0" skipped="0" tests="9" time="5.386" timestamp="2026-04-05T03:58:51.149629+00:00" hostname="agent-env-ba57f1c5-2c1c-49c6-a3fe-28cd8f27846c"><testcase classname="backend.tests.test_nexify_ai_iteration_67.TestAdminAuth" name="test_admin_login" time="0.271" /><testcase classname="backend.tests.test_nexify_ai_iteration_67.TestNeXifyAIStatus" name="test_nexify_ai_status" time="0.293" /><testcase classname="backend.tests.test_nexify_ai_iteration_67.TestNeXifyAITools" name="test_list_tools_returns_37" time="0.246" /><testcase classname="backend.tests.test_nexify_ai_iteration_67.TestNeXifyAITools" name="test_execute_tool_system_stats" time="0.120" /><testcase classname="backend.tests.test_nexify_ai_iteration_67.TestNeXifyAITools" name="test_execute_tool_list_contacts" time="0.099" /><testcase classname="backend.tests.test_nexify_ai_iteration_67.TestNeXifyAIConversations" name="test_list_conversations" time="0.240" /><testcase classname="backend.tests.test_nexify_ai_iteration_67.TestServerSideToolExecution" name="test_execute_tool_db_query" time="0.267" /><testcase classname="backend.tests.test_nexify_ai_iteration_67.TestServerSideToolExecution" name="test_execute_tool_search_brain" time="1.634" /><testcase classname="backend.tests.test_nexify_ai_iteration_67.TestChatEndpoint" name="test_chat_endpoint_exists" time="2.127" /></testsuite></testsuites>