<?xml version="1.0" encoding="utf-8"?><testsuites name="pytest tests"><testsuite name="pytest" errors="0" failures="0" skipped="0" tests="13" time="2.951" timestamp="2026-04-04T05:42:07.532052+00:00" hostname="agent-env-ba57f1c5-2c1c-49c6-a3fe-28cd8f27846c"><testcase classname="backend.tests.test_iteration_54.TestAdminAuth" name="test_admin_login_success" time="0.230" /><testcase classname="backend.tests.test_iteration_54.TestAdminAuth" name="test_admin_login_invalid_credentials" time="0.106" /><testcase classname="backend.tests.test_iteration_54.TestAdminAuth" name="test_protected_endpoint_without_token" time="0.116" /><testcase classname="backend.tests.test_iteration_54.TestDashboardStats" name="test_stats_endpoint_returns_correct_fields" time="0.271" /><testcase classname="backend.tests.test_iteration_54.TestDashboardStats" name="test_stats_values_are_non_negative" time="0.272" /><testcase classname="backend.tests.test_iteration_54.TestDashboardStats" name="test_stats_has_real_data" time="0.250" /><testcase classname="backend.tests.test_iteration_54.TestDashboardStats" name="test_recent_leads_has_data" time="0.289" /><testcase classname="backend.tests.test_iteration_54.TestLeadsAPI" name="test_get_leads" time="0.248" /><testcase classname="backend.tests.test_iteration_54.TestCustomersAPI" name="test_get_customers" time="0.260" /><testcase classname="backend.tests.test_iteration_54.TestCustomersAPI" name="test_get_customer_casefile" time="0.373" /><testcase classname="backend.tests.test_iteration_54.TestBookingsAPI" name="test_get_bookings" time="0.248" /><testcase classname="backend.tests.test_iteration_54.TestTokenValidation" name="test_invalid_token_returns_401" time="0.101" /><testcase classname="backend.tests.test_iteration_54.TestTokenValidation" name="test_expired_token_format_returns_401" time="0.100" /></testsuite></testsuites>