<?xml version="1.0" encoding="utf-8"?><testsuites name="pytest tests"><testsuite name="pytest" errors="0" failures="0" skipped="1" tests="12" time="15.749" timestamp="2026-04-03T22:09:17.422202+00:00" hostname="agent-env-ba57f1c5-2c1c-49c6-a3fe-28cd8f27846c"><testcase classname="backend.tests.test_iteration_39.TestHealthAndBasics" name="test_api_health" time="0.145" /><testcase classname="backend.tests.test_iteration_39.TestStripeIntegration" name="test_create_stripe_checkout_session" time="0.720" /><testcase classname="backend.tests.test_iteration_39.TestStripeIntegration" name="test_checkout_status_polling" time="0.421" /><testcase classname="backend.tests.test_iteration_39.TestStripeIntegration" name="test_stripe_webhook_endpoint_exists" time="0.164" /><testcase classname="backend.tests.test_iteration_39.TestMonitoringStatus" name="test_monitoring_status_endpoint" time="0.108" /><testcase classname="backend.tests.test_iteration_39.TestObjectStorageAndPDF" name="test_contract_pdf_generation" time="0.248" /><testcase classname="backend.tests.test_iteration_39.TestObjectStorageAndPDF" name="test_contract_pdf_download" time="11.691" /><testcase classname="backend.tests.test_iteration_39.TestProjectDerivedStatus" name="test_admin_project_derived_status" time="0.168" /><testcase classname="backend.tests.test_iteration_39.TestProjectDerivedStatus" name="test_customer_project_phase_with_german_labels" time="0.218"><skipped type="pytest.skip" message="Could not extract token from portal URL">/app/backend/tests/test_iteration_39.py:308: Could not extract token from portal URL</skipped></testcase><testcase classname="backend.tests.test_iteration_39.TestE2EVerifyFlow" name="test_e2e_verify_flow" time="1.549" /><testcase classname="backend.tests.test_iteration_39.TestInvoiceDetails" name="test_get_invoice_details" time="0.106" /><testcase classname="backend.tests.test_iteration_39.TestContractDetails" name="test_get_contract_details" time="0.118" /></testsuite></testsuites>