<?xml version="1.0" encoding="utf-8"?><testsuites name="pytest tests"><testsuite name="pytest" errors="0" failures="0" skipped="0" tests="9" time="2.854" timestamp="2026-04-04T07:37:55.961388+00:00" hostname="agent-env-ba57f1c5-2c1c-49c6-a3fe-28cd8f27846c"><testcase classname="backend.tests.test_iteration_60_sidebar.TestAdminAuth" name="test_admin_login_success" time="0.228" /><testcase classname="backend.tests.test_iteration_60_sidebar.TestAdminAuth" name="test_admin_login_invalid_password" time="0.197" /><testcase classname="backend.tests.test_iteration_60_sidebar.TestAdminDashboard" name="test_admin_stats" time="0.253" /><testcase classname="backend.tests.test_iteration_60_sidebar.TestAdminDashboard" name="test_admin_health" time="0.986" /><testcase classname="backend.tests.test_iteration_60_sidebar.TestAdminDashboard" name="test_admin_leads" time="0.233" /><testcase classname="backend.tests.test_iteration_60_sidebar.TestAdminDashboard" name="test_admin_projects" time="0.234" /><testcase classname="backend.tests.test_iteration_60_sidebar.TestAdminDashboard" name="test_admin_contracts" time="0.251" /><testcase classname="backend.tests.test_iteration_60_sidebar.TestAdminDashboard" name="test_admin_outbound_pipeline" time="0.291" /><testcase classname="backend.tests.test_iteration_60_sidebar.TestHealthEndpoint" name="test_health_endpoint" time="0.109" /></testsuite></testsuites>