<?xml version="1.0" encoding="utf-8"?><testsuites name="pytest tests"><testsuite name="pytest" errors="0" failures="0" skipped="0" tests="14" time="21.091" timestamp="2026-04-03T20:09:40.336521+00:00" hostname="agent-env-ba57f1c5-2c1c-49c6-a3fe-28cd8f27846c"><testcase classname="tests.test_p1_p2_p3_llm_finance_contracts.TestAdminAuth" name="test_admin_login" time="0.236" /><testcase classname="tests.test_p1_p2_p3_llm_finance_contracts.TestP1LLMProviderStatus" name="test_llm_status_endpoint" time="0.249" /><testcase classname="tests.test_p1_p2_p3_llm_finance_contracts.TestP1LLMProviderStatus" name="test_llm_status_requires_auth" time="0.121" /><testcase classname="tests.test_p1_p2_p3_llm_finance_contracts.TestP1LLMHealthCheck" name="test_llm_health_endpoint" time="0.848" /><testcase classname="tests.test_p1_p2_p3_llm_finance_contracts.TestP1LLMTest" name="test_llm_test_endpoint_default" time="1.957" /><testcase classname="tests.test_p1_p2_p3_llm_finance_contracts.TestP1LLMTest" name="test_llm_test_endpoint_custom_prompt" time="0.486" /><testcase classname="tests.test_p1_p2_p3_llm_finance_contracts.TestP1LLMAgentFlow" name="test_llm_agent_flow_endpoint" time="14.907" /><testcase classname="tests.test_p1_p2_p3_llm_finance_contracts.TestP2CustomerFinance" name="test_customer_finance_endpoint" time="0.495" /><testcase classname="tests.test_p1_p2_p3_llm_finance_contracts.TestP2CustomerFinance" name="test_customer_finance_invoice_structure" time="0.111" /><testcase classname="tests.test_p1_p2_p3_llm_finance_contracts.TestP2CustomerFinance" name="test_customer_finance_requires_customer_auth" time="0.317" /><testcase classname="tests.test_p1_p2_p3_llm_finance_contracts.TestP3ContractOSEnhancements" name="test_contract_detail_enhanced_fields" time="0.468" /><testcase classname="tests.test_p1_p2_p3_llm_finance_contracts.TestP3ContractOSEnhancements" name="test_contract_evidence_trail_structure" time="0.105" /><testcase classname="tests.test_p1_p2_p3_llm_finance_contracts.TestP3ContractOSEnhancements" name="test_contract_versions_structure" time="0.169" /><testcase classname="tests.test_p1_p2_p3_llm_finance_contracts.TestCustomerContractsList" name="test_customer_contracts_list" time="0.527" /></testsuite></testsuites>