<?xml version="1.0" encoding="utf-8"?><testsuites name="pytest tests"><testsuite name="pytest" errors="0" failures="0" skipped="0" tests="7" time="26.433" timestamp="2026-04-05T15:53:14.636584+00:00" hostname="agent-env-ba57f1c5-2c1c-49c6-a3fe-28cd8f27846c"><testcase classname="backend.tests.test_trigger_tasks_iter80.TestTriggerTasksAPI" name="test_health_check" time="2.303" /><testcase classname="backend.tests.test_trigger_tasks_iter80.TestTriggerTasksAPI" name="test_trigger_tasks_list" time="0.196" /><testcase classname="backend.tests.test_trigger_tasks_iter80.TestTriggerTasksAPI" name="test_trigger_status" time="0.189" /><testcase classname="backend.tests.test_trigger_tasks_iter80.TestTriggerTasksAPI" name="test_trigger_runs_list" time="0.188" /><testcase classname="backend.tests.test_trigger_tasks_iter80.TestTriggerTasksAPI" name="test_trigger_run_deep_research_fallback" time="21.357" /><testcase classname="backend.tests.test_trigger_tasks_iter80.TestTriggerTasksAPI" name="test_trigger_run_unknown_task" time="0.226" /><testcase classname="backend.tests.test_trigger_tasks_iter80.TestNeXifyAIStatus" name="test_nexify_ai_status_deepseek_primary" time="1.883" /></testsuite></testsuites>