<?xml version="1.0" encoding="utf-8"?><testsuites name="pytest tests"><testsuite name="pytest" errors="0" failures="0" skipped="0" tests="35" time="40.400" timestamp="2026-04-05T11:40:14.641323+00:00" hostname="agent-env-ba57f1c5-2c1c-49c6-a3fe-28cd8f27846c"><testcase classname="backend.tests.test_hardening_iter78.TestHealthCheck" name="test_health_endpoint_returns_healthy" time="2.229" /><testcase classname="backend.tests.test_hardening_iter78.TestHealthCheck" name="test_health_has_mongodb_service" time="0.328" /><testcase classname="backend.tests.test_hardening_iter78.TestHealthCheck" name="test_health_has_supabase_service" time="0.327" /><testcase classname="backend.tests.test_hardening_iter78.TestHealthCheck" name="test_health_has_deepseek_service" time="0.325" /><testcase classname="backend.tests.test_hardening_iter78.TestHealthCheck" name="test_health_has_arcee_service" time="0.319" /><testcase classname="backend.tests.test_hardening_iter78.TestHealthCheck" name="test_health_has_mem0_service" time="0.358" /><testcase classname="backend.tests.test_hardening_iter78.TestHealthCheck" name="test_health_has_resend_service" time="0.358" /><testcase classname="backend.tests.test_hardening_iter78.TestHealthCheck" name="test_health_has_revolut_service" time="0.328" /><testcase classname="backend.tests.test_hardening_iter78.TestHealthCheck" name="test_health_has_workers_service" time="0.360" /><testcase classname="backend.tests.test_hardening_iter78.TestHealthCheck" name="test_health_all_8_services_present" time="0.350" /><testcase classname="backend.tests.test_hardening_iter78.TestLeitstelle" name="test_leitstelle_endpoint_returns_200" time="5.192" /><testcase classname="backend.tests.test_hardening_iter78.TestLeitstelle" name="test_leitstelle_has_erkannt_status" time="3.323" /><testcase classname="backend.tests.test_hardening_iter78.TestLeitstelle" name="test_leitstelle_has_in_arbeit_status" time="3.248" /><testcase classname="backend.tests.test_hardening_iter78.TestLeitstelle" name="test_leitstelle_has_wartend_status" time="3.324" /><testcase classname="backend.tests.test_hardening_iter78.TestLeitstelle" name="test_leitstelle_has_in_loop_status" time="3.258" /><testcase classname="backend.tests.test_hardening_iter78.TestLeitstelle" name="test_leitstelle_has_validiert_24h_status" time="3.279" /><testcase classname="backend.tests.test_hardening_iter78.TestLeitstelle" name="test_leitstelle_has_fehlgeschlagen_24h_status" time="3.247" /><testcase classname="backend.tests.test_hardening_iter78.TestLeitstelle" name="test_leitstelle_has_eskaliert_status" time="3.322" /><testcase classname="backend.tests.test_hardening_iter78.TestLeitstelle" name="test_leitstelle_all_german_status_names" time="3.262" /><testcase classname="backend.tests.test_hardening_iter78.TestServiceTemplates" name="test_service_templates_returns_200" time="0.117" /><testcase classname="backend.tests.test_hardening_iter78.TestServiceTemplates" name="test_service_templates_returns_9_templates" time="0.154" /><testcase classname="backend.tests.test_hardening_iter78.TestServiceTemplates" name="test_service_templates_have_names" time="0.310" /><testcase classname="backend.tests.test_hardening_iter78.TestServiceTemplates" name="test_service_templates_have_prices" time="0.114" /><testcase classname="backend.tests.test_hardening_iter78.TestServiceTemplates" name="test_service_templates_expected_names" time="0.157" /><testcase classname="backend.tests.test_hardening_iter78.TestServiceTemplateDetail" name="test_growth_ai_agenten_template_detail" time="0.096" /><testcase classname="backend.tests.test_hardening_iter78.TestServiceTemplateDetail" name="test_growth_ai_agenten_has_milestones" time="0.101" /><testcase classname="backend.tests.test_hardening_iter78.TestServiceTemplateDetail" name="test_growth_ai_agenten_has_agent_assignments" time="0.119" /><testcase classname="backend.tests.test_hardening_iter78.TestTemplateInstantiate" name="test_instantiate_template_creates_project" time="0.157" /><testcase classname="backend.tests.test_hardening_iter78.TestTaskTransitions" name="test_create_task_for_escalation" time="0.450" /><testcase classname="backend.tests.test_hardening_iter78.TestTaskTransitions" name="test_escalate_task" time="0.774" /><testcase classname="backend.tests.test_hardening_iter78.TestTaskTransitions" name="test_cancel_task" time="0.752" /><testcase classname="backend.tests.test_hardening_iter78.TestEnvTemplateAndStripe" name="test_env_template_exists" time="0.000" /><testcase classname="backend.tests.test_hardening_iter78.TestEnvTemplateAndStripe" name="test_stripe_not_in_requirements" time="0.000" /><testcase classname="backend.tests.test_hardening_iter78.TestAdminLogin" name="test_admin_login_returns_token" time="0.144" /><testcase classname="backend.tests.test_hardening_iter78.TestAdminLogin" name="test_admin_login_invalid_credentials" time="0.107" /></testsuite></testsuites>