<?xml version="1.0" encoding="utf-8"?><testsuites name="pytest tests"><testsuite name="pytest" errors="0" failures="0" skipped="0" tests="20" time="3.081" timestamp="2026-04-02T20:09:53.871055+00:00" hostname="agent-env-e511dfe9-fc84-4edd-9e5e-6ba9f2cea19f"><testcase classname="backend.tests.test_commercial_v2_features.TestServicesAndBundles" name="test_services_endpoint_returns_200" time="0.254" /><testcase classname="backend.tests.test_commercial_v2_features.TestServicesAndBundles" name="test_services_returns_7_services" time="0.132" /><testcase classname="backend.tests.test_commercial_v2_features.TestServicesAndBundles" name="test_services_returns_3_bundles" time="0.143" /><testcase classname="backend.tests.test_commercial_v2_features.TestServicesAndBundles" name="test_website_services_pricing" time="0.136" /><testcase classname="backend.tests.test_commercial_v2_features.TestServicesAndBundles" name="test_app_services_pricing" time="0.132" /><testcase classname="backend.tests.test_commercial_v2_features.TestServicesAndBundles" name="test_ai_addon_pricing" time="0.115" /><testcase classname="backend.tests.test_commercial_v2_features.TestComplianceEndpoint" name="test_compliance_endpoint_returns_200" time="0.115" /><testcase classname="backend.tests.test_commercial_v2_features.TestComplianceEndpoint" name="test_compliance_returns_status" time="0.134" /><testcase classname="backend.tests.test_commercial_v2_features.TestComplianceEndpoint" name="test_compliance_returns_iso_gap_analysis" time="0.108" /><testcase classname="backend.tests.test_commercial_v2_features.TestComplianceEndpoint" name="test_compliance_returns_company_info" time="0.179" /><testcase classname="backend.tests.test_commercial_v2_features.TestExtendedFAQ" name="test_faq_returns_17_plus_entries" time="0.103" /><testcase classname="backend.tests.test_commercial_v2_features.TestExtendedFAQ" name="test_faq_contains_services_info" time="0.108" /><testcase classname="backend.tests.test_commercial_v2_features.TestSecurityHeaders" name="test_x_content_type_options_header" time="0.115" /><testcase classname="backend.tests.test_commercial_v2_features.TestSecurityHeaders" name="test_x_frame_options_header" time="0.102" /><testcase classname="backend.tests.test_commercial_v2_features.TestSecurityHeaders" name="test_referrer_policy_header" time="0.105" /><testcase classname="backend.tests.test_commercial_v2_features.TestSecurityHeaders" name="test_x_xss_protection_header" time="0.111" /><testcase classname="backend.tests.test_commercial_v2_features.TestSecurityHeaders" name="test_permissions_policy_header" time="0.162" /><testcase classname="backend.tests.test_commercial_v2_features.TestSecurityHeaders" name="test_cache_control_header" time="0.111" /><testcase classname="backend.tests.test_commercial_v2_features.TestQuoteCreationWithTiers" name="test_create_quote_starter_tier" time="0.296" /><testcase classname="backend.tests.test_commercial_v2_features.TestQuoteCreationWithTiers" name="test_create_quote_growth_tier" time="0.313" /></testsuite></testsuites>