<?xml version="1.0" encoding="utf-8"?><testsuites name="pytest tests"><testsuite name="pytest" errors="0" failures="0" skipped="0" tests="33" time="6.350" timestamp="2026-04-03T18:19:47.524095+00:00" hostname="agent-env-ba57f1c5-2c1c-49c6-a3fe-28cd8f27846c"><testcase classname="backend.tests.test_project_context_p1.TestAdminProjectCRUD" name="test_create_project" time="0.384" /><testcase classname="backend.tests.test_project_context_p1.TestAdminProjectCRUD" name="test_list_projects" time="0.103" /><testcase classname="backend.tests.test_project_context_p1.TestAdminProjectCRUD" name="test_get_project_detail" time="0.232" /><testcase classname="backend.tests.test_project_context_p1.TestAdminProjectCRUD" name="test_update_project_status" time="0.253" /><testcase classname="backend.tests.test_project_context_p1.TestAdminProjectCRUD" name="test_update_project_invalid_field" time="0.107" /><testcase classname="backend.tests.test_project_context_p1.TestProjectSections" name="test_upsert_section_create" time="0.117" /><testcase classname="backend.tests.test_project_context_p1.TestProjectSections" name="test_upsert_section_update" time="0.242" /><testcase classname="backend.tests.test_project_context_p1.TestProjectSections" name="test_upsert_section_invalid_key" time="0.119" /><testcase classname="backend.tests.test_project_context_p1.TestProjectSections" name="test_upsert_section_empty_content" time="0.146" /><testcase classname="backend.tests.test_project_context_p1.TestProjectSections" name="test_list_sections" time="0.101" /><testcase classname="backend.tests.test_project_context_p1.TestProjectSections" name="test_add_review_comment" time="0.220" /><testcase classname="backend.tests.test_project_context_p1.TestProjectSections" name="test_add_review_comment_missing_comment" time="0.143" /><testcase classname="backend.tests.test_project_context_p1.TestProjectChat" name="test_add_chat_message" time="0.135" /><testcase classname="backend.tests.test_project_context_p1.TestProjectChat" name="test_add_chat_message_empty" time="0.135" /><testcase classname="backend.tests.test_project_context_p1.TestProjectChat" name="test_get_chat_history" time="0.119" /><testcase classname="backend.tests.test_project_context_p1.TestBuildHandover" name="test_generate_build_handover" time="0.178" /><testcase classname="backend.tests.test_project_context_p1.TestBuildHandover" name="test_generate_build_handover_increments_version" time="0.298" /><testcase classname="backend.tests.test_project_context_p1.TestBuildHandover" name="test_list_versions" time="0.126" /><testcase classname="backend.tests.test_project_context_p1.TestCompleteness" name="test_completeness_check" time="0.117" /><testcase classname="backend.tests.test_project_context_p1.TestCompleteness" name="test_completeness_counts_review_and_freigegeben" time="0.236" /><testcase classname="backend.tests.test_project_context_p1.TestCustomerEndpoints" name="test_customer_projects_requires_auth" time="0.111" /><testcase classname="backend.tests.test_project_context_p1.TestCustomerEndpoints" name="test_customer_project_detail_requires_auth" time="0.582" /><testcase classname="backend.tests.test_project_context_p1.TestCustomerEndpoints" name="test_customer_chat_requires_auth" time="0.616" /><testcase classname="backend.tests.test_project_context_p1.TestGeheimhaltung" name="test_build_handover_excludes_startprompt" time="0.232" /><testcase classname="backend.tests.test_project_context_p1.TestGeheimhaltung" name="test_customer_project_detail_excludes_startprompt_section" time="0.354" /><testcase classname="backend.tests.test_project_context_p1.TestGeheimhaltung" name="test_customer_version_excludes_start_prompt_field" time="0.000" /><testcase classname="backend.tests.test_project_context_p1.TestProjectNotFound" name="test_get_nonexistent_project" time="0.110" /><testcase classname="backend.tests.test_project_context_p1.TestProjectNotFound" name="test_update_nonexistent_project" time="0.125" /><testcase classname="backend.tests.test_project_context_p1.TestProjectNotFound" name="test_section_nonexistent_project" time="0.133" /><testcase classname="backend.tests.test_project_context_p1.TestProjectNotFound" name="test_chat_nonexistent_project" time="0.103" /><testcase classname="backend.tests.test_project_context_p1.TestProjectNotFound" name="test_handover_nonexistent_project" time="0.121" /><testcase classname="backend.tests.test_project_context_p1.TestProjectNotFound" name="test_completeness_nonexistent_project" time="0.122" /><testcase classname="backend.tests.test_project_context_p1.TestExistingProject" name="test_existing_project_detail" time="0.108" /></testsuite></testsuites>