<?xml version="1.0" encoding="utf-8"?><testsuites name="pytest tests"><testsuite name="pytest" errors="0" failures="0" skipped="0" tests="25" time="4.706" timestamp="2026-04-04T03:01:39.430238+00:00" hostname="agent-env-ba57f1c5-2c1c-49c6-a3fe-28cd8f27846c"><testcase classname="tests.test_iteration_49_phase2.TestAdminAuth" name="test_admin_login" time="0.258" /><testcase classname="tests.test_iteration_49_phase2.TestQuoteCreation" name="test_create_quote_growth_tier" time="0.283" /><testcase classname="tests.test_iteration_49_phase2.TestQuoteCreation" name="test_create_quote_starter_tier" time="0.166" /><testcase classname="tests.test_iteration_49_phase2.TestQuoteCreation" name="test_create_quote_with_discount" time="0.142" /><testcase classname="tests.test_iteration_49_phase2.TestInvoiceFromQuote" name="test_create_invoice_from_quote_activation" time="0.376" /><testcase classname="tests.test_iteration_49_phase2.TestInvoiceFromQuote" name="test_create_invoice_from_quote_recurring" time="0.133" /><testcase classname="tests.test_iteration_49_phase2.TestContractFromQuote" name="test_create_contract_from_quote_auto_populate" time="0.385" /><testcase classname="tests.test_iteration_49_phase2.TestE2EChain" name="test_full_e2e_chain" time="0.485" /><testcase classname="tests.test_iteration_49_phase2.TestSystemHealth" name="test_audit_health_endpoint" time="0.321" /><testcase classname="tests.test_iteration_49_phase2.TestSystemHealth" name="test_monitoring_health_alias" time="0.109" /><testcase classname="tests.test_iteration_49_phase2.TestOracleEndpoints" name="test_oracle_snapshot" time="0.264" /><testcase classname="tests.test_iteration_49_phase2.TestOracleEndpoints" name="test_oracle_contact" time="0.109" /><testcase classname="tests.test_iteration_49_phase2.TestRegressionEndpoints" name="test_public_health" time="0.107" /><testcase classname="tests.test_iteration_49_phase2.TestRegressionEndpoints" name="test_admin_stats" time="0.260" /><testcase classname="tests.test_iteration_49_phase2.TestRegressionEndpoints" name="test_admin_leads" time="0.106" /><testcase classname="tests.test_iteration_49_phase2.TestRegressionEndpoints" name="test_admin_bookings" time="0.097" /><testcase classname="tests.test_iteration_49_phase2.TestRegressionEndpoints" name="test_admin_quotes" time="0.110" /><testcase classname="tests.test_iteration_49_phase2.TestRegressionEndpoints" name="test_admin_invoices" time="0.103" /><testcase classname="tests.test_iteration_49_phase2.TestRegressionEndpoints" name="test_admin_contracts" time="0.117" /><testcase classname="tests.test_iteration_49_phase2.TestRegressionEndpoints" name="test_billing_overview" time="0.107" /><testcase classname="tests.test_iteration_49_phase2.TestRegressionEndpoints" name="test_outbound_campaigns" time="0.135" /><testcase classname="tests.test_iteration_49_phase2.TestRegressionEndpoints" name="test_monitoring_workers" time="0.099" /><testcase classname="tests.test_iteration_49_phase2.TestRegressionEndpoints" name="test_memory_stats" time="0.097" /><testcase classname="tests.test_iteration_49_phase2.TestRegressionEndpoints" name="test_workers_status" time="0.108" /><testcase classname="tests.test_iteration_49_phase2.TestRegressionEndpoints" name="test_llm_status" time="0.129" /></testsuite></testsuites>