<?xml version="1.0" encoding="utf-8"?><testsuites name="pytest tests"><testsuite name="pytest" errors="0" failures="0" skipped="0" tests="35" time="16.809" timestamp="2026-04-04T03:27:43.405326+00:00" hostname="agent-env-ba57f1c5-2c1c-49c6-a3fe-28cd8f27846c"><testcase classname="tests.test_iteration_50_phase3_audit.TestPublicEndpoints" name="test_health_endpoint" time="0.166" /><testcase classname="tests.test_iteration_50_phase3_audit.TestPublicEndpoints" name="test_booking_slots_endpoint" time="0.104" /><testcase classname="tests.test_iteration_50_phase3_audit.TestPublicEndpoints" name="test_contact_endpoint" time="0.100" /><testcase classname="tests.test_iteration_50_phase3_audit.TestPublicEndpoints" name="test_booking_endpoint" time="0.227" /><testcase classname="tests.test_iteration_50_phase3_audit.TestPublicEndpoints" name="test_chat_message_endpoint" time="7.593" /><testcase classname="tests.test_iteration_50_phase3_audit.TestAdminAuthentication" name="test_admin_login" time="0.174" /><testcase classname="tests.test_iteration_50_phase3_audit.TestAdminEndpoints" name="test_admin_stats" time="0.262" /><testcase classname="tests.test_iteration_50_phase3_audit.TestAdminEndpoints" name="test_admin_leads" time="0.119" /><testcase classname="tests.test_iteration_50_phase3_audit.TestAdminEndpoints" name="test_admin_bookings" time="0.101" /><testcase classname="tests.test_iteration_50_phase3_audit.TestAdminEndpoints" name="test_admin_quotes" time="0.111" /><testcase classname="tests.test_iteration_50_phase3_audit.TestAdminEndpoints" name="test_admin_invoices" time="0.104" /><testcase classname="tests.test_iteration_50_phase3_audit.TestAdminEndpoints" name="test_admin_contracts" time="0.120" /><testcase classname="tests.test_iteration_50_phase3_audit.TestAdminEndpoints" name="test_admin_projects" time="0.100" /><testcase classname="tests.test_iteration_50_phase3_audit.TestAdminEndpoints" name="test_admin_billing_overview" time="0.101" /><testcase classname="tests.test_iteration_50_phase3_audit.TestAdminEndpoints" name="test_admin_billing_status" time="0.107" /><testcase classname="tests.test_iteration_50_phase3_audit.TestAdminEndpoints" name="test_admin_outbound_campaigns" time="0.103" /><testcase classname="tests.test_iteration_50_phase3_audit.TestAdminEndpoints" name="test_admin_outbound_pipeline" time="0.128" /><testcase classname="tests.test_iteration_50_phase3_audit.TestAdminEndpoints" name="test_admin_commercial_stats" time="0.103" /><testcase classname="tests.test_iteration_50_phase3_audit.TestAdminEndpoints" name="test_admin_email_stats" time="0.113" /><testcase classname="tests.test_iteration_50_phase3_audit.TestAdminEndpoints" name="test_admin_webhooks_history" time="0.124" /><testcase classname="tests.test_iteration_50_phase3_audit.TestAdminEndpoints" name="test_admin_legal_risks" time="0.095" /><testcase classname="tests.test_iteration_50_phase3_audit.TestAdminEndpoints" name="test_admin_legal_audit" time="0.105" /><testcase classname="tests.test_iteration_50_phase3_audit.TestAdminEndpoints" name="test_admin_legal_compliance" time="0.130" /><testcase classname="tests.test_iteration_50_phase3_audit.TestAdminEndpoints" name="test_admin_audit_health" time="0.106" /><testcase classname="tests.test_iteration_50_phase3_audit.TestAdminEndpoints" name="test_admin_workers_status" time="0.111" /><testcase classname="tests.test_iteration_50_phase3_audit.TestAdminEndpoints" name="test_admin_llm_test" time="4.602" /><testcase classname="tests.test_iteration_50_phase3_audit.TestAdminEndpoints" name="test_admin_monitoring_health" time="0.135" /><testcase classname="tests.test_iteration_50_phase3_audit.TestAdminEndpoints" name="test_admin_monitoring_workers" time="0.109" /><testcase classname="tests.test_iteration_50_phase3_audit.TestOracleEndpoints" name="test_oracle_snapshot" time="0.123" /><testcase classname="tests.test_iteration_50_phase3_audit.TestOracleEndpoints" name="test_oracle_contact" time="0.109" /><testcase classname="tests.test_iteration_50_phase3_audit.TestOracleEndpoints" name="test_memory_stats" time="0.107" /><testcase classname="tests.test_iteration_50_phase3_audit.TestQuoteInvoiceContractChain" name="test_create_quote_growth_tier" time="0.142" /><testcase classname="tests.test_iteration_50_phase3_audit.TestQuoteInvoiceContractChain" name="test_create_invoice_from_quote_activation" time="0.233" /><testcase classname="tests.test_iteration_50_phase3_audit.TestQuoteInvoiceContractChain" name="test_create_contract_from_quote" time="0.242" /><testcase classname="tests.test_iteration_50_phase3_audit.TestFullE2EChain" name="test_full_chain" time="0.323" /></testsuite></testsuites>