<?xml version="1.0" encoding="utf-8"?><testsuites name="pytest tests"><testsuite name="pytest" errors="0" failures="1" skipped="0" tests="13" time="16.223" timestamp="2026-04-02T18:15:29.980547+00:00" hostname="agent-env-e511dfe9-fc84-4edd-9e5e-6ba9f2cea19f"><testcase classname="backend.tests.test_iteration10.TestHealthAndBasics" name="test_health_endpoint" time="0.200" /><testcase classname="backend.tests.test_iteration10.TestHealthAndBasics" name="test_company_endpoint" time="0.173" /><testcase classname="backend.tests.test_iteration10.TestChatAPI" name="test_chat_message_german" time="5.607" /><testcase classname="backend.tests.test_iteration10.TestChatAPI" name="test_chat_message_english" time="5.594" /><testcase classname="backend.tests.test_iteration10.TestChatAPI" name="test_chat_booking_request" time="2.488" /><testcase classname="backend.tests.test_iteration10.TestBookingAPI" name="test_get_booking_slots" time="0.171" /><testcase classname="backend.tests.test_iteration10.TestBookingAPI" name="test_create_booking" time="0.178"><failure message="assert 400 == 200&#10; +  where 400 = &lt;Response [400]&gt;.status_code">backend/tests/test_iteration10.py:130: in test_create_booking
    assert response.status_code == 200
E   assert 400 == 200
E    +  where 400 = &lt;Response [400]&gt;.status_code</failure></testcase><testcase classname="backend.tests.test_iteration10.TestContactAPI" name="test_submit_contact_form" time="0.184" /><testcase classname="backend.tests.test_iteration10.TestAdminAPI" name="test_admin_login" time="0.319" /><testcase classname="backend.tests.test_iteration10.TestAdminAPI" name="test_admin_stats" time="0.392" /><testcase classname="backend.tests.test_iteration10.TestAdminAPI" name="test_admin_leads" time="0.359" /><testcase classname="backend.tests.test_iteration10.TestAdminAPI" name="test_admin_bookings" time="0.324" /><testcase classname="backend.tests.test_iteration10.TestAnalytics" name="test_track_event" time="0.105" /></testsuite></testsuites>