<?xml version="1.0" encoding="utf-8"?><testsuites name="pytest tests"><testsuite name="pytest" errors="0" failures="0" skipped="0" tests="15" time="37.596" timestamp="2026-04-03T21:32:57.053803+00:00" hostname="agent-env-ba57f1c5-2c1c-49c6-a3fe-28cd8f27846c"><testcase classname="backend.tests.test_iteration_38.TestDeepSeekLLMProvider" name="test_llm_status_deepseek_active" time="0.283" /><testcase classname="backend.tests.test_iteration_38.TestDeepSeekLLMProvider" name="test_llm_health_deepseek_healthy" time="1.135" /><testcase classname="backend.tests.test_iteration_38.TestDeepSeekLLMProvider" name="test_llm_direct_test_deepseek" time="3.299" /><testcase classname="backend.tests.test_iteration_38.TestDeepSeekLLMProvider" name="test_llm_agent_flow_deepseek" time="22.167" /><testcase classname="backend.tests.test_iteration_38.TestPublicChatDeepSeek" name="test_chat_message_via_deepseek" time="7.303" /><testcase classname="backend.tests.test_iteration_38.TestContractPDFGeneration" name="test_generate_contract_pdf" time="0.143" /><testcase classname="backend.tests.test_iteration_38.TestContractPDFGeneration" name="test_download_contract_pdf" time="0.466" /><testcase classname="backend.tests.test_iteration_38.TestMonitoringAndEmail" name="test_monitoring_status_deepseek_active" time="0.133" /><testcase classname="backend.tests.test_iteration_38.TestMonitoringAndEmail" name="test_email_stats" time="0.115" /><testcase classname="backend.tests.test_iteration_38.TestMonitoringAndEmail" name="test_email_test_send" time="0.335" /><testcase classname="backend.tests.test_iteration_38.TestBillingAndE2E" name="test_billing_reconcile" time="0.172" /><testcase classname="backend.tests.test_iteration_38.TestBillingAndE2E" name="test_e2e_verify_flow" time="1.610" /><testcase classname="backend.tests.test_iteration_38.TestCustomerFinance" name="test_customer_finance_endpoint_exists" time="0.097" /><testcase classname="backend.tests.test_iteration_38.TestHealthAndBasics" name="test_api_health" time="0.105" /><testcase classname="backend.tests.test_iteration_38.TestHealthAndBasics" name="test_admin_login" time="0.161" /></testsuite></testsuites>