<?xml version="1.0" encoding="utf-8"?><testsuites name="pytest tests"><testsuite name="pytest" errors="0" failures="0" skipped="0" tests="26" time="12.751" timestamp="2026-04-04T01:25:29.394659+00:00" hostname="agent-env-ba57f1c5-2c1c-49c6-a3fe-28cd8f27846c"><testcase classname="backend.tests.test_iteration_45_full_audit.TestHealthAndBasics" name="test_health_endpoint" time="4.106" /><testcase classname="backend.tests.test_iteration_45_full_audit.TestHealthAndBasics" name="test_tariffs_endpoint" time="0.102" /><testcase classname="backend.tests.test_iteration_45_full_audit.TestContactAPI" name="test_contact_form_creates_lead" time="0.125" /><testcase classname="backend.tests.test_iteration_45_full_audit.TestBookingAPI" name="test_booking_slots_available" time="0.152" /><testcase classname="backend.tests.test_iteration_45_full_audit.TestBookingAPI" name="test_create_booking" time="0.220" /><testcase classname="backend.tests.test_iteration_45_full_audit.TestChatAPI" name="test_chat_message_returns_response" time="5.394" /><testcase classname="backend.tests.test_iteration_45_full_audit.TestAdminLogin" name="test_admin_login_success" time="0.164" /><testcase classname="backend.tests.test_iteration_45_full_audit.TestAdminAPIs" name="test_admin_stats" time="0.284" /><testcase classname="backend.tests.test_iteration_45_full_audit.TestAdminAPIs" name="test_admin_billing_status" time="0.125" /><testcase classname="backend.tests.test_iteration_45_full_audit.TestAdminAPIs" name="test_admin_outbound_pipeline" time="0.142" /><testcase classname="backend.tests.test_iteration_45_full_audit.TestAdminAPIs" name="test_admin_workers_status" time="0.099" /><testcase classname="backend.tests.test_iteration_45_full_audit.TestAdminDataEndpoints" name="test_admin_leads" time="0.244" /><testcase classname="backend.tests.test_iteration_45_full_audit.TestAdminDataEndpoints" name="test_admin_bookings" time="0.103" /><testcase classname="backend.tests.test_iteration_45_full_audit.TestAdminDataEndpoints" name="test_admin_customers" time="0.129" /><testcase classname="backend.tests.test_iteration_45_full_audit.TestAdminDataEndpoints" name="test_admin_quotes" time="0.097" /><testcase classname="backend.tests.test_iteration_45_full_audit.TestAdminDataEndpoints" name="test_admin_invoices" time="0.120" /><testcase classname="backend.tests.test_iteration_45_full_audit.TestAdminDataEndpoints" name="test_admin_projects" time="0.108" /><testcase classname="backend.tests.test_iteration_45_full_audit.TestAdminDataEndpoints" name="test_admin_contracts" time="0.119" /><testcase classname="backend.tests.test_iteration_45_full_audit.TestAdminDataEndpoints" name="test_admin_chat_sessions" time="0.103" /><testcase classname="backend.tests.test_iteration_45_full_audit.TestAdminDataEndpoints" name="test_admin_agents" time="0.102" /><testcase classname="backend.tests.test_iteration_45_full_audit.TestAdminDataEndpoints" name="test_admin_monitoring" time="0.104" /><testcase classname="backend.tests.test_iteration_45_full_audit.TestAdminDataEndpoints" name="test_admin_activities" time="0.107" /><testcase classname="backend.tests.test_iteration_45_full_audit.TestLegalPages" name="test_impressum_page" time="0.102" /><testcase classname="backend.tests.test_iteration_45_full_audit.TestLegalPages" name="test_datenschutz_page" time="0.098" /><testcase classname="backend.tests.test_iteration_45_full_audit.TestLegalPages" name="test_agb_page" time="0.128" /><testcase classname="backend.tests.test_iteration_45_full_audit.TestLegalPages" name="test_ki_hinweise_page" time="0.099" /></testsuite></testsuites>