<?xml version="1.0" encoding="utf-8"?><testsuites name="pytest tests"><testsuite name="pytest" errors="0" failures="0" skipped="0" tests="15" time="30.021" timestamp="2026-04-05T03:22:11.236576+00:00" hostname="agent-env-ba57f1c5-2c1c-49c6-a3fe-28cd8f27846c"><testcase classname="backend.tests.test_nexify_ai_iter65.TestNeXifyAIAuth" name="test_status_requires_auth" time="0.265" /><testcase classname="backend.tests.test_nexify_ai_iter65.TestNeXifyAIAuth" name="test_conversations_requires_auth" time="0.141" /><testcase classname="backend.tests.test_nexify_ai_iter65.TestNeXifyAIAuth" name="test_chat_requires_auth" time="0.111" /><testcase classname="backend.tests.test_nexify_ai_iter65.TestNeXifyAIAuth" name="test_memory_search_requires_auth" time="0.131" /><testcase classname="backend.tests.test_nexify_ai_iter65.TestNeXifyAIStatus" name="test_status_returns_arcee_config" time="0.316" /><testcase classname="backend.tests.test_nexify_ai_iter65.TestNeXifyAIStatus" name="test_status_returns_mem0_config" time="0.116" /><testcase classname="backend.tests.test_nexify_ai_iter65.TestNeXifyAIStatus" name="test_status_returns_stats" time="0.108" /><testcase classname="backend.tests.test_nexify_ai_iter65.TestNeXifyAIConversations" name="test_list_conversations" time="0.156" /><testcase classname="backend.tests.test_nexify_ai_iter65.TestNeXifyAIChat" name="test_chat_creates_conversation_and_streams" time="25.890" /><testcase classname="backend.tests.test_nexify_ai_iter65.TestNeXifyAIMemorySearch" name="test_memory_search" time="1.096" /><testcase classname="backend.tests.test_nexify_ai_iter65.TestNeXifyAIConversationDelete" name="test_delete_conversation" time="1.130" /><testcase classname="backend.tests.test_nexify_ai_iter65.TestRegressionApiKeys" name="test_list_api_keys" time="0.117" /><testcase classname="backend.tests.test_nexify_ai_iter65.TestRegressionLegalPages" name="test_impressum_de" time="0.134" /><testcase classname="backend.tests.test_nexify_ai_iter65.TestRegressionLegalPages" name="test_impressum_nl" time="0.115" /><testcase classname="backend.tests.test_nexify_ai_iter65.TestRegressionLegalPages" name="test_imprint_en" time="0.101" /></testsuite></testsuites>