<?xml version="1.0" encoding="utf-8"?><testsuites name="pytest tests"><testsuite name="pytest" errors="0" failures="1" skipped="0" tests="15" time="80.620" timestamp="2026-04-05T05:37:54.712491+00:00" hostname="agent-env-ba57f1c5-2c1c-49c6-a3fe-28cd8f27846c"><testcase classname="tests.test_oracle_system.TestAdminAuth" name="test_admin_login_success" time="45.529" /><testcase classname="tests.test_oracle_system.TestOracleHealth" name="test_oracle_health_endpoint" time="3.888" /><testcase classname="tests.test_oracle_system.TestOracleDashboard" name="test_oracle_dashboard_returns_counts" time="4.115" /><testcase classname="tests.test_oracle_system.TestOracleDashboard" name="test_oracle_dashboard_has_status" time="2.799" /><testcase classname="tests.test_oracle_system.TestOracleDashboard" name="test_oracle_dashboard_has_queue" time="2.789" /><testcase classname="tests.test_oracle_system.TestOracleAgents" name="test_oracle_agents_returns_both_types" time="0.667" /><testcase classname="tests.test_oracle_system.TestOracleBrain" name="test_brain_list_returns_notes" time="4.551" /><testcase classname="tests.test_oracle_system.TestOracleBrain" name="test_brain_search_architecture" time="0.471" /><testcase classname="tests.test_oracle_system.TestOracleTasks" name="test_oracle_tasks_list" time="0.446" /><testcase classname="tests.test_oracle_system.TestOracleTasks" name="test_oracle_task_creation" time="0.456"><failure message="AssertionError: Task creation failed: {&quot;detail&quot;:&quot;cannot insert into view \&quot;oracle_ready_queue\&quot;\nDETAIL:  Views that do not select from a single table or view are not automatically updatable.\nHINT:  To enable inserting into the view, provide an INSTEAD OF INSERT trigger or an unconditional ON INSERT DO INSTEAD rule.&quot;}&#10;assert 500 == 200&#10; +  where 500 = &lt;Response [500]&gt;.status_code">tests/test_oracle_system.py:229: in test_oracle_task_creation
    assert response.status_code == 200, f"Task creation failed: {response.text}"
E   AssertionError: Task creation failed: {"detail":"cannot insert into view \"oracle_ready_queue\"\nDETAIL:  Views that do not select from a single table or view are not automatically updatable.\nHINT:  To enable inserting into the view, provide an INSTEAD OF INSERT trigger or an unconditional ON INSERT DO INSTEAD rule."}
E   assert 500 == 200
E    +  where 500 = &lt;Response [500]&gt;.status_code</failure></testcase><testcase classname="tests.test_oracle_system.TestOracleAgentInvocation" name="test_invoke_agent_strategist" time="12.962" /><testcase classname="tests.test_oracle_system.TestOracleQueue" name="test_oracle_queue_endpoint" time="0.378" /><testcase classname="tests.test_oracle_system.TestOracleKnowledge" name="test_knowledge_list" time="0.556" /><testcase classname="tests.test_oracle_system.TestOracleMemory" name="test_memory_list" time="0.451" /><testcase classname="tests.test_oracle_system.TestOracleAudit" name="test_audit_logs_list" time="0.431" /></testsuite></testsuites>