<?xml version="1.0" encoding="utf-8"?><testsuites name="pytest tests"><testsuite name="pytest" errors="0" failures="0" skipped="0" tests="18" time="9.414" timestamp="2026-04-02T13:10:55.052889+00:00" hostname="agent-env-e511dfe9-fc84-4edd-9e5e-6ba9f2cea19f"><testcase classname="backend.tests.test_nexifyai_api.TestHealthEndpoint" name="test_health_returns_200" time="0.282" /><testcase classname="backend.tests.test_nexifyai_api.TestCompanyEndpoint" name="test_company_returns_info" time="0.148" /><testcase classname="backend.tests.test_nexifyai_api.TestContactEndpoint" name="test_contact_form_success" time="0.157" /><testcase classname="backend.tests.test_nexifyai_api.TestContactEndpoint" name="test_contact_form_validation_error" time="0.141" /><testcase classname="backend.tests.test_nexifyai_api.TestContactEndpoint" name="test_contact_honeypot_silent_success" time="0.108" /><testcase classname="backend.tests.test_nexifyai_api.TestBookingEndpoint" name="test_get_available_slots" time="0.135" /><testcase classname="backend.tests.test_nexifyai_api.TestBookingEndpoint" name="test_create_booking_success" time="0.253" /><testcase classname="backend.tests.test_nexifyai_api.TestBookingEndpoint" name="test_booking_validation_error" time="0.124" /><testcase classname="backend.tests.test_nexifyai_api.TestChatEndpoint" name="test_chat_message_success" time="4.563" /><testcase classname="backend.tests.test_nexifyai_api.TestChatEndpoint" name="test_chat_qualification_detection" time="1.634" /><testcase classname="backend.tests.test_nexifyai_api.TestAnalyticsEndpoint" name="test_track_event" time="0.114" /><testcase classname="backend.tests.test_nexifyai_api.TestAdminAuth" name="test_admin_login_success" time="0.151" /><testcase classname="backend.tests.test_nexifyai_api.TestAdminAuth" name="test_admin_login_invalid_credentials" time="0.124" /><testcase classname="backend.tests.test_nexifyai_api.TestAdminAuth" name="test_admin_me_with_token" time="0.372" /><testcase classname="backend.tests.test_nexifyai_api.TestAdminAuth" name="test_admin_me_without_token" time="0.148" /><testcase classname="backend.tests.test_nexifyai_api.TestAdminDashboard" name="test_admin_stats" time="0.264" /><testcase classname="backend.tests.test_nexifyai_api.TestAdminDashboard" name="test_admin_leads_list" time="0.315" /><testcase classname="backend.tests.test_nexifyai_api.TestAdminDashboard" name="test_admin_bookings_list" time="0.285" /></testsuite></testsuites>