<?xml version="1.0" encoding="utf-8"?><testsuites name="pytest tests"><testsuite name="pytest" errors="0" failures="0" skipped="0" tests="19" time="6.174" timestamp="2026-04-03T18:56:39.742944+00:00" hostname="agent-env-ba57f1c5-2c1c-49c6-a3fe-28cd8f27846c"><testcase classname="backend.tests.test_p5_p6_deepseek_outbound.TestP5DeepSeekLLMProvider" name="test_llm_status_endpoint" time="0.451" /><testcase classname="backend.tests.test_p5_p6_deepseek_outbound.TestP5DeepSeekLLMProvider" name="test_llm_status_requires_auth" time="0.128" /><testcase classname="backend.tests.test_p5_p6_deepseek_outbound.TestP5DeepSeekLLMProvider" name="test_llm_test_endpoint" time="1.151" /><testcase classname="backend.tests.test_p5_p6_deepseek_outbound.TestP5DeepSeekLLMProvider" name="test_llm_test_with_model_override" time="0.848" /><testcase classname="backend.tests.test_p5_p6_deepseek_outbound.TestP5DeepSeekLLMProvider" name="test_llm_test_requires_auth" time="0.104" /><testcase classname="backend.tests.test_p5_p6_deepseek_outbound.TestP6OutboundPipeline" name="test_pipeline_overview" time="0.123" /><testcase classname="backend.tests.test_p5_p6_deepseek_outbound.TestP6OutboundPipeline" name="test_pipeline_requires_auth" time="0.121" /><testcase classname="backend.tests.test_p5_p6_deepseek_outbound.TestP6OutboundLeadDiscovery" name="test_discover_lead" time="0.123" /><testcase classname="backend.tests.test_p5_p6_deepseek_outbound.TestP6OutboundLeadDiscovery" name="test_full_pipeline_flow" time="0.694" /><testcase classname="backend.tests.test_p5_p6_deepseek_outbound.TestP6OutboundLeadDetail" name="test_lead_detail_with_timeline" time="0.229" /><testcase classname="backend.tests.test_p5_p6_deepseek_outbound.TestP6OutboundLeadDetail" name="test_lead_detail_not_found" time="0.100" /><testcase classname="backend.tests.test_p5_p6_deepseek_outbound.TestP6OutboundRespond" name="test_respond_positive" time="0.223" /><testcase classname="backend.tests.test_p5_p6_deepseek_outbound.TestP6OutboundRespond" name="test_respond_negative" time="0.221" /><testcase classname="backend.tests.test_p5_p6_deepseek_outbound.TestP6OutboundRespond" name="test_respond_opt_out" time="0.210" /><testcase classname="backend.tests.test_p5_p6_deepseek_outbound.TestP6OutboundHandover" name="test_handover_to_quote_creates_crm_lead" time="0.223" /><testcase classname="backend.tests.test_p5_p6_deepseek_outbound.TestP6OutboundHandover" name="test_handover_to_meeting" time="0.241" /><testcase classname="backend.tests.test_p5_p6_deepseek_outbound.TestP6OutboundHandover" name="test_handover_to_nurture" time="0.318" /><testcase classname="backend.tests.test_p5_p6_deepseek_outbound.TestP6OutboundHandover" name="test_handover_invalid_type" time="0.220" /><testcase classname="backend.tests.test_p5_p6_deepseek_outbound.TestP6OutboundSendWithLegalGate" name="test_send_blocked_for_suppressed_email" time="0.365" /></testsuite></testsuites>