<?xml version="1.0" encoding="utf-8"?><testsuites name="pytest tests"><testsuite name="pytest" errors="0" failures="0" skipped="0" tests="10" time="20.656" timestamp="2026-04-04T01:11:20.310911+00:00" hostname="agent-env-ba57f1c5-2c1c-49c6-a3fe-28cd8f27846c"><testcase classname="backend.tests.test_iteration_44_booking_chat_contact.TestHealthAPI" name="test_health_returns_200" time="0.228" /><testcase classname="backend.tests.test_iteration_44_booking_chat_contact.TestBookingAPI" name="test_booking_slots_returns_200" time="0.130" /><testcase classname="backend.tests.test_iteration_44_booking_chat_contact.TestBookingAPI" name="test_booking_slots_weekday" time="0.126" /><testcase classname="backend.tests.test_iteration_44_booking_chat_contact.TestTariffsAPI" name="test_tariffs_returns_200" time="0.138" /><testcase classname="backend.tests.test_iteration_44_booking_chat_contact.TestTariffsAPI" name="test_tariffs_structure" time="0.104" /><testcase classname="backend.tests.test_iteration_44_booking_chat_contact.TestChatAPI" name="test_chat_message_returns_valid_response" time="6.404" /><testcase classname="backend.tests.test_iteration_44_booking_chat_contact.TestChatAPI" name="test_chat_message_with_context" time="13.110" /><testcase classname="backend.tests.test_iteration_44_booking_chat_contact.TestContactAPI" name="test_contact_form_with_source_and_language" time="0.137" /><testcase classname="backend.tests.test_iteration_44_booking_chat_contact.TestContactAPI" name="test_contact_form_validation" time="0.101" /><testcase classname="backend.tests.test_iteration_44_booking_chat_contact.TestCompanyAPI" name="test_company_info" time="0.100" /></testsuite></testsuites>