<?xml version="1.0" encoding="utf-8"?><testsuites name="pytest tests"><testsuite name="pytest" errors="0" failures="1" skipped="0" tests="15" time="80.549" timestamp="2026-04-05T06:01:33.714847+00:00" hostname="agent-env-ba57f1c5-2c1c-49c6-a3fe-28cd8f27846c"><testcase classname="backend.tests.test_oracle_engine_iter74.TestOracleEngineAuth" name="test_admin_login_success" time="0.268" /><testcase classname="backend.tests.test_oracle_engine_iter74.TestOracleHealth" name="test_oracle_health_endpoint" time="3.686" /><testcase classname="backend.tests.test_oracle_engine_iter74.TestOracleEngineStatus" name="test_engine_status_returns_pipeline_stats" time="2.997" /><testcase classname="backend.tests.test_oracle_engine_iter74.TestOracleEngineStatus" name="test_engine_status_returns_scheduler_jobs" time="1.936" /><testcase classname="backend.tests.test_oracle_engine_iter74.TestOracleEngineStatus" name="test_engine_status_returns_recent_tasks" time="1.917" /><testcase classname="backend.tests.test_oracle_engine_iter74.TestOracleEngineTrigger" name="test_engine_trigger_cycle" time="60.238"><failure message="AssertionError: Engine trigger failed: The preview environment is not responding. It may be starting up.&#10;  &#10;assert 502 == 200&#10; +  where 502 = &lt;Response [502]&gt;.status_code">backend/tests/test_oracle_engine_iter74.py:195: in test_engine_trigger_cycle
    assert response.status_code == 200, f"Engine trigger failed: {response.text}"
E   AssertionError: Engine trigger failed: The preview environment is not responding. It may be starting up.
E     
E   assert 502 == 200
E    +  where 502 = &lt;Response [502]&gt;.status_code</failure></testcase><testcase classname="backend.tests.test_oracle_engine_iter74.TestOracleFontAudit" name="test_font_audit_returns_audit_results" time="0.694" /><testcase classname="backend.tests.test_oracle_engine_iter74.TestOracleKnowledgeSync" name="test_knowledge_sync_triggers_successfully" time="0.476" /><testcase classname="backend.tests.test_oracle_engine_iter74.TestOracleTaskCreation" name="test_create_task_with_valid_type_general" time="0.593" /><testcase classname="backend.tests.test_oracle_engine_iter74.TestOracleTaskCreation" name="test_create_task_with_valid_type_improvement" time="0.378" /><testcase classname="backend.tests.test_oracle_engine_iter74.TestOracleTaskCreation" name="test_create_task_with_valid_type_monitoring" time="0.341" /><testcase classname="backend.tests.test_oracle_engine_iter74.TestOracleDashboard" name="test_dashboard_returns_counts" time="4.301" /><testcase classname="backend.tests.test_oracle_engine_iter74.TestOracleAgents" name="test_agents_returns_33_plus_ai_agents" time="0.809" /><testcase classname="backend.tests.test_oracle_engine_iter74.TestOracleBrain" name="test_brain_search_works" time="1.070" /><testcase classname="backend.tests.test_oracle_engine_iter74.TestOracleTasks" name="test_tasks_list_returns_tasks" time="0.707" /></testsuite></testsuites>