<?xml version="1.0" encoding="utf-8"?><testsuites name="pytest tests"><testsuite name="pytest" errors="0" failures="0" skipped="0" tests="30" time="4.826" timestamp="2026-04-03T17:11:11.321809+00:00" hostname="agent-env-e511dfe9-fc84-4edd-9e5e-6ba9f2cea19f"><testcase classname="tests.test_iteration_25_worker_services.TestHealthAndAuth" name="test_health_endpoint" time="0.242" /><testcase classname="tests.test_iteration_25_worker_services.TestHealthAndAuth" name="test_admin_login" time="0.229" /><testcase classname="tests.test_iteration_25_worker_services.TestWorkerSchedulerEndpoints" name="test_worker_status" time="0.311" /><testcase classname="tests.test_iteration_25_worker_services.TestWorkerSchedulerEndpoints" name="test_worker_jobs_list" time="0.129" /><testcase classname="tests.test_iteration_25_worker_services.TestWorkerSchedulerEndpoints" name="test_worker_jobs_with_filter" time="0.126" /><testcase classname="tests.test_iteration_25_worker_services.TestWorkerSchedulerEndpoints" name="test_dead_letter_queue" time="0.105" /><testcase classname="tests.test_iteration_25_worker_services.TestWorkerSchedulerEndpoints" name="test_worker_status_requires_auth" time="0.111" /><testcase classname="tests.test_iteration_25_worker_services.TestLLMProviderEndpoints" name="test_llm_status" time="0.128" /><testcase classname="tests.test_iteration_25_worker_services.TestOutboundLeadMachineEndpoints" name="test_outbound_discover" time="0.115" /><testcase classname="tests.test_iteration_25_worker_services.TestOutboundLeadMachineEndpoints" name="test_outbound_prequalify" time="0.242" /><testcase classname="tests.test_iteration_25_worker_services.TestOutboundLeadMachineEndpoints" name="test_outbound_analyze" time="0.150" /><testcase classname="tests.test_iteration_25_worker_services.TestOutboundLeadMachineEndpoints" name="test_outbound_legal_check" time="0.105" /><testcase classname="tests.test_iteration_25_worker_services.TestOutboundLeadMachineEndpoints" name="test_outbound_leads_list" time="0.133" /><testcase classname="tests.test_iteration_25_worker_services.TestOutboundLeadMachineEndpoints" name="test_outbound_leads_with_filter" time="0.111" /><testcase classname="tests.test_iteration_25_worker_services.TestOutboundLeadMachineEndpoints" name="test_outbound_stats" time="0.160" /><testcase classname="tests.test_iteration_25_worker_services.TestOutboundLeadMachineEndpoints" name="test_outbound_opt_out" time="0.250" /><testcase classname="tests.test_iteration_25_worker_services.TestBillingServiceEndpoints" name="test_billing_status" time="0.122" /><testcase classname="tests.test_iteration_25_worker_services.TestBillingServiceEndpoints" name="test_billing_sync_quote_requires_status" time="0.112" /><testcase classname="tests.test_iteration_25_worker_services.TestBillingServiceEndpoints" name="test_billing_sync_invoice_requires_status" time="0.131" /><testcase classname="tests.test_iteration_25_worker_services.TestCommunicationServiceEndpoints" name="test_comms_contact_detail" time="0.126" /><testcase classname="tests.test_iteration_25_worker_services.TestCommunicationServiceEndpoints" name="test_comms_contact_not_found" time="0.110" /><testcase classname="tests.test_iteration_25_worker_services.TestCommunicationServiceEndpoints" name="test_comms_assign_conversation" time="0.112" /><testcase classname="tests.test_iteration_25_worker_services.TestCommunicationServiceEndpoints" name="test_comms_send_message_requires_content" time="0.136" /><testcase classname="tests.test_iteration_25_worker_services.TestExistingEndpointsStillWork" name="test_admin_stats" time="0.129" /><testcase classname="tests.test_iteration_25_worker_services.TestExistingEndpointsStillWork" name="test_admin_leads" time="0.121" /><testcase classname="tests.test_iteration_25_worker_services.TestAuthorizationEnforcement" name="test_worker_endpoints_require_auth" time="0.330" /><testcase classname="tests.test_iteration_25_worker_services.TestAuthorizationEnforcement" name="test_llm_endpoint_requires_auth" time="0.116" /><testcase classname="tests.test_iteration_25_worker_services.TestAuthorizationEnforcement" name="test_outbound_endpoints_require_auth" time="0.220" /><testcase classname="tests.test_iteration_25_worker_services.TestAuthorizationEnforcement" name="test_billing_endpoints_require_auth" time="0.100" /><testcase classname="tests.test_iteration_25_worker_services.TestAuthorizationEnforcement" name="test_comms_endpoints_require_auth" time="0.191" /></testsuite></testsuites>