<?xml version="1.0" encoding="utf-8"?><testsuites name="pytest tests"><testsuite name="pytest" errors="0" failures="0" skipped="0" tests="20" time="3.922" timestamp="2026-04-04T06:43:51.090893+00:00" hostname="agent-env-ba57f1c5-2c1c-49c6-a3fe-28cd8f27846c"><testcase classname="tests.test_iteration_57_final_golive.TestHealthAndBasics" name="test_health_endpoint_returns_healthy" time="0.142" /><testcase classname="tests.test_iteration_57_final_golive.TestHealthAndBasics" name="test_global_exception_handler_returns_json" time="0.101" /><testcase classname="tests.test_iteration_57_final_golive.TestSecurityHeaders" name="test_all_security_headers_present" time="0.100" /><testcase classname="tests.test_iteration_57_final_golive.TestSecurityHeaders" name="test_rate_limiting_configured" time="0.110" /><testcase classname="tests.test_iteration_57_final_golive.TestAdminAuth" name="test_admin_login_oauth2_form_encoded" time="0.172" /><testcase classname="tests.test_iteration_57_final_golive.TestAdminAuth" name="test_admin_routes_require_auth" time="0.103" /><testcase classname="tests.test_iteration_57_final_golive.TestAdminAuth" name="test_customer_portal_endpoints_require_jwt" time="0.326" /><testcase classname="tests.test_iteration_57_final_golive.TestAdminDashboard" name="test_admin_stats_shows_real_data" time="0.247" /><testcase classname="tests.test_iteration_57_final_golive.TestOutboundLeadMachine" name="test_outbound_pipeline_stats" time="0.283" /><testcase classname="tests.test_iteration_57_final_golive.TestOutboundLeadMachine" name="test_outbound_leads_list" time="0.103" /><testcase classname="tests.test_iteration_57_final_golive.TestOutboundLeadMachine" name="test_outbound_discover_lead" time="0.098" /><testcase classname="tests.test_iteration_57_final_golive.TestProjectsCRUD" name="test_projects_list" time="0.290" /><testcase classname="tests.test_iteration_57_final_golive.TestContractsCRUD" name="test_contracts_list" time="0.253" /><testcase classname="tests.test_iteration_57_final_golive.TestAdminUserManagement" name="test_admin_users_list" time="0.260" /><testcase classname="tests.test_iteration_57_final_golive.TestAdminUserManagement" name="test_create_and_delete_admin_user" time="0.141" /><testcase classname="tests.test_iteration_57_final_golive.TestAdminUserManagement" name="test_self_deletion_blocked" time="0.112" /><testcase classname="tests.test_iteration_57_final_golive.TestWebhookEventStore" name="test_webhook_events_list" time="0.244" /><testcase classname="tests.test_iteration_57_final_golive.TestSystemMonitoring" name="test_monitoring_status_all_systems_ok" time="0.240" /><testcase classname="tests.test_iteration_57_final_golive.TestLegalCompliance" name="test_legal_compliance_view" time="0.249" /><testcase classname="tests.test_iteration_57_final_golive.TestBillingDashboard" name="test_billing_status" time="0.248" /></testsuite></testsuites>