<?xml version="1.0" encoding="utf-8"?><testsuites name="pytest tests"><testsuite name="pytest" errors="0" failures="0" skipped="0" tests="11" time="2.028" timestamp="2026-04-03T16:28:31.679865+00:00" hostname="agent-env-e511dfe9-fc84-4edd-9e5e-6ba9f2cea19f"><testcase classname="backend.tests.test_iteration24.TestAuthCheckEmail" name="test_admin_email_returns_admin_role" time="0.138" /><testcase classname="backend.tests.test_iteration24.TestAuthCheckEmail" name="test_customer_email_returns_customer_role" time="0.149" /><testcase classname="backend.tests.test_iteration24.TestAuthCheckEmail" name="test_unknown_email_returns_unknown_role" time="0.118" /><testcase classname="backend.tests.test_iteration24.TestAdminLogin" name="test_admin_login_success" time="0.143" /><testcase classname="backend.tests.test_iteration24.TestAdminLogin" name="test_admin_login_wrong_password" time="0.156" /><testcase classname="backend.tests.test_iteration24.TestRoleSeparation" name="test_admin_endpoint_with_admin_token" time="0.244" /><testcase classname="backend.tests.test_iteration24.TestRoleSeparation" name="test_admin_endpoint_with_customer_token_returns_403" time="0.110" /><testcase classname="backend.tests.test_iteration24.TestRoleSeparation" name="test_admin_leads_with_customer_token_returns_403" time="0.106" /><testcase classname="backend.tests.test_iteration24.TestCustomerMagicLink" name="test_request_magic_link_for_customer" time="0.379" /><testcase classname="backend.tests.test_iteration24.TestCustomerMagicLink" name="test_request_magic_link_for_unknown_email" time="0.125" /><testcase classname="backend.tests.test_iteration24.TestInvoicePDFStructure" name="test_invoice_list_endpoint" time="0.258" /></testsuite></testsuites>