<?xml version="1.0" encoding="utf-8"?><testsuites name="pytest tests"><testsuite name="pytest" errors="0" failures="0" skipped="0" tests="23" time="1.421" timestamp="2026-04-03T09:22:29.881608+00:00" hostname="agent-env-e511dfe9-fc84-4edd-9e5e-6ba9f2cea19f"><testcase classname="backend.tests.test_iteration_22.TestLeadCRUD" name="test_get_leads_list" time="0.289" /><testcase classname="backend.tests.test_iteration_22.TestLeadCRUD" name="test_create_test_lead" time="0.045" /><testcase classname="backend.tests.test_iteration_22.TestLeadCRUD" name="test_patch_lead_full_edit" time="0.046" /><testcase classname="backend.tests.test_iteration_22.TestLeadCRUD" name="test_patch_lead_status_only" time="0.087" /><testcase classname="backend.tests.test_iteration_22.TestCustomerCRUD" name="test_get_customers_list" time="0.059" /><testcase classname="backend.tests.test_iteration_22.TestCustomerCRUD" name="test_patch_customer_edit" time="0.046" /><testcase classname="backend.tests.test_iteration_22.TestCustomerCRUD" name="test_patch_customer_partial" time="0.044" /><testcase classname="backend.tests.test_iteration_22.TestCustomerCRUD" name="test_patch_customer_not_found" time="0.044" /><testcase classname="backend.tests.test_iteration_22.TestQuoteCRUD" name="test_get_quotes_list" time="0.048" /><testcase classname="backend.tests.test_iteration_22.TestQuoteCRUD" name="test_patch_quote_status" time="0.043" /><testcase classname="backend.tests.test_iteration_22.TestQuoteCRUD" name="test_patch_quote_discount" time="0.043" /><testcase classname="backend.tests.test_iteration_22.TestQuoteCRUD" name="test_patch_quote_customer_fields" time="0.047" /><testcase classname="backend.tests.test_iteration_22.TestInvoiceCRUD" name="test_get_invoices_list" time="0.041" /><testcase classname="backend.tests.test_iteration_22.TestInvoiceCRUD" name="test_patch_invoice_status" time="0.046" /><testcase classname="backend.tests.test_iteration_22.TestInvoiceCRUD" name="test_patch_invoice_payment_status" time="0.041" /><testcase classname="backend.tests.test_iteration_22.TestInvoiceCRUD" name="test_patch_invoice_not_found" time="0.043" /><testcase classname="backend.tests.test_iteration_22.TestBookingCreate" name="test_create_booking_manual" time="0.044" /><testcase classname="backend.tests.test_iteration_22.TestBookingCreate" name="test_create_booking_minimal" time="0.041" /><testcase classname="backend.tests.test_iteration_22.TestBookingCreate" name="test_create_booking_missing_required" time="0.041" /><testcase classname="backend.tests.test_iteration_22.TestBookingCreate" name="test_verify_booking_created" time="0.050" /><testcase classname="backend.tests.test_iteration_22.TestExistingBookingOperations" name="test_get_bookings_list" time="0.042" /><testcase classname="backend.tests.test_iteration_22.TestExistingBookingOperations" name="test_patch_booking" time="0.046" /><testcase classname="backend.tests.test_iteration_22.TestCalendarData" name="test_get_calendar_data" time="0.044" /></testsuite></testsuites>