<?xml version="1.0" encoding="utf-8"?><testsuites name="pytest tests"><testsuite name="pytest" errors="0" failures="0" skipped="0" tests="15" time="16.763" timestamp="2026-04-02T13:43:44.320486+00:00" hostname="agent-env-e511dfe9-fc84-4edd-9e5e-6ba9f2cea19f"><testcase classname="tests.test_multilingual_api.TestHealthAndCompany" name="test_health_endpoint" time="0.167" /><testcase classname="tests.test_multilingual_api.TestHealthAndCompany" name="test_company_endpoint" time="0.126" /><testcase classname="tests.test_multilingual_api.TestChatWithLanguage" name="test_chat_german" time="4.898" /><testcase classname="tests.test_multilingual_api.TestChatWithLanguage" name="test_chat_english" time="4.457" /><testcase classname="tests.test_multilingual_api.TestChatWithLanguage" name="test_chat_dutch" time="4.568" /><testcase classname="tests.test_multilingual_api.TestChatWithLanguage" name="test_chat_default_language" time="0.900" /><testcase classname="tests.test_multilingual_api.TestAdminAuth" name="test_admin_login_success" time="0.232" /><testcase classname="tests.test_multilingual_api.TestAdminAuth" name="test_admin_login_invalid" time="0.112" /><testcase classname="tests.test_multilingual_api.TestAdminAuth" name="test_admin_me_endpoint" time="0.295" /><testcase classname="tests.test_multilingual_api.TestAdminAuth" name="test_admin_stats" time="0.301" /><testcase classname="tests.test_multilingual_api.TestContactForm" name="test_contact_form_success" time="0.112" /><testcase classname="tests.test_multilingual_api.TestContactForm" name="test_contact_form_validation" time="0.103" /><testcase classname="tests.test_multilingual_api.TestBooking" name="test_get_booking_slots" time="0.111" /><testcase classname="tests.test_multilingual_api.TestBooking" name="test_create_booking" time="0.129" /><testcase classname="tests.test_multilingual_api.TestAnalytics" name="test_track_event" time="0.166" /></testsuite></testsuites>