<?xml version="1.0" encoding="utf-8"?><testsuites name="pytest tests"><testsuite name="pytest" errors="0" failures="0" skipped="0" tests="14" time="8.594" timestamp="2026-04-05T04:59:16.328148+00:00" hostname="agent-env-ba57f1c5-2c1c-49c6-a3fe-28cd8f27846c"><testcase classname="backend.tests.test_iteration_71.TestAdminAuth" name="test_admin_login" time="0.242" /><testcase classname="backend.tests.test_iteration_71.TestStatsAPI" name="test_stats_returns_contacts_total" time="0.279" /><testcase classname="backend.tests.test_iteration_71.TestStatsAPI" name="test_stats_returns_quotes_total" time="0.252" /><testcase classname="backend.tests.test_iteration_71.TestStatsAPI" name="test_stats_returns_contracts_total" time="0.253" /><testcase classname="backend.tests.test_iteration_71.TestStatsAPI" name="test_stats_returns_invoices_total" time="0.248" /><testcase classname="backend.tests.test_iteration_71.TestStatsAPI" name="test_stats_returns_all_counts" time="0.253" /><testcase classname="backend.tests.test_iteration_71.TestNeXifyAIStatus" name="test_nexify_ai_status_arcee_connected" time="1.626" /><testcase classname="backend.tests.test_iteration_71.TestNeXifyAIStatus" name="test_nexify_ai_status_mem0_connected" time="1.341" /><testcase classname="backend.tests.test_iteration_71.TestNeXifyAIStatus" name="test_nexify_ai_status_whatsapp_disconnected" time="1.517" /><testcase classname="backend.tests.test_iteration_71.TestNeXifyAIStatus" name="test_nexify_ai_status_database_connected" time="1.555" /><testcase classname="backend.tests.test_iteration_71.TestMonitoringStatus" name="test_monitoring_status_revolut_configured" time="0.296" /><testcase classname="backend.tests.test_iteration_71.TestMonitoringStatus" name="test_monitoring_status_object_storage_configured" time="0.256" /><testcase classname="backend.tests.test_iteration_71.TestMonitoringStatus" name="test_monitoring_status_overall_operational" time="0.273" /><testcase classname="backend.tests.test_iteration_71.TestHealthEndpoint" name="test_health_check" time="0.110" /></testsuite></testsuites>