<?xml version="1.0" encoding="utf-8"?><testsuites name="pytest tests"><testsuite name="pytest" errors="0" failures="0" skipped="0" tests="28" time="7.425" timestamp="2026-04-02T17:31:27.991314+00:00" hostname="agent-env-e511dfe9-fc84-4edd-9e5e-6ba9f2cea19f"><testcase classname="backend.tests.test_admin_calendar.TestAdminAuth" name="test_admin_login_success" time="0.304" /><testcase classname="backend.tests.test_admin_calendar.TestAdminAuth" name="test_admin_login_invalid_credentials" time="0.172" /><testcase classname="backend.tests.test_admin_calendar.TestAdminStats" name="test_admin_stats" time="0.463" /><testcase classname="backend.tests.test_admin_calendar.TestAdminCalendarData" name="test_calendar_data_current_month" time="0.158" /><testcase classname="backend.tests.test_admin_calendar.TestAdminCalendarData" name="test_calendar_data_april_2026" time="0.166" /><testcase classname="backend.tests.test_admin_calendar.TestAdminBookings" name="test_get_bookings_list" time="0.113" /><testcase classname="backend.tests.test_admin_calendar.TestAdminBookings" name="test_update_booking_status" time="0.483" /><testcase classname="backend.tests.test_admin_calendar.TestAdminBookings" name="test_add_booking_notes" time="0.460" /><testcase classname="backend.tests.test_admin_calendar.TestAdminBlockedSlots" name="test_create_blocked_slot" time="0.113" /><testcase classname="backend.tests.test_admin_calendar.TestAdminBlockedSlots" name="test_create_all_day_blocked_slot" time="0.115" /><testcase classname="backend.tests.test_admin_calendar.TestAdminBlockedSlots" name="test_blocked_slots_affect_public_api" time="0.115" /><testcase classname="backend.tests.test_admin_calendar.TestAdminBlockedSlots" name="test_delete_blocked_slot" time="0.113" /><testcase classname="backend.tests.test_admin_calendar.TestAdminBlockedSlots" name="test_cleanup_all_day_slot" time="0.120" /><testcase classname="backend.tests.test_admin_calendar.TestAdminCustomers" name="test_get_customers_list" time="0.108" /><testcase classname="backend.tests.test_admin_calendar.TestAdminCustomers" name="test_customers_search" time="0.129" /><testcase classname="backend.tests.test_admin_calendar.TestAdminCustomers" name="test_customer_detail" time="0.229" /><testcase classname="backend.tests.test_admin_calendar.TestAdminLeads" name="test_get_leads_list" time="0.172" /><testcase classname="backend.tests.test_admin_calendar.TestAdminLeads" name="test_leads_search" time="0.126" /><testcase classname="backend.tests.test_admin_calendar.TestAdminLeads" name="test_leads_filter_by_status" time="0.118" /><testcase classname="backend.tests.test_admin_calendar.TestAdminLeads" name="test_update_lead_status" time="0.359" /><testcase classname="backend.tests.test_admin_calendar.TestBookingStatusValues" name="test_booking_status_values[confirmed]" time="0.503" /><testcase classname="backend.tests.test_admin_calendar.TestBookingStatusValues" name="test_booking_status_values[pending]" time="0.505" /><testcase classname="backend.tests.test_admin_calendar.TestBookingStatusValues" name="test_booking_status_values[completed]" time="0.490" /><testcase classname="backend.tests.test_admin_calendar.TestBookingStatusValues" name="test_booking_status_values[cancelled]" time="0.473" /><testcase classname="backend.tests.test_admin_calendar.TestBookingStatusValues" name="test_booking_status_values[no_show]" time="0.491" /><testcase classname="backend.tests.test_admin_calendar.TestBookingStatusValues" name="test_booking_status_values[rescheduled]" time="0.473" /><testcase classname="backend.tests.test_admin_calendar.TestAdminLogout" name="test_unauthorized_access" time="0.111" /><testcase classname="backend.tests.test_admin_calendar.TestAdminLogout" name="test_invalid_token" time="0.135" /></testsuite></testsuites>