<?xml version="1.0" encoding="utf-8"?><testsuites name="pytest tests"><testsuite name="pytest" errors="0" failures="0" skipped="0" tests="14" time="18.823" timestamp="2026-04-02T18:53:48.881689+00:00" hostname="agent-env-e511dfe9-fc84-4edd-9e5e-6ba9f2cea19f"><testcase classname="tests.test_iteration12.TestHealthAndCompany" name="test_health_endpoint" time="0.236" /><testcase classname="tests.test_iteration12.TestHealthAndCompany" name="test_company_endpoint" time="0.129" /><testcase classname="tests.test_iteration12.TestChatAPI" name="test_chat_message_de" time="4.166" /><testcase classname="tests.test_iteration12.TestChatAPI" name="test_chat_message_en" time="7.703" /><testcase classname="tests.test_iteration12.TestChatAPI" name="test_chat_message_nl" time="4.588" /><testcase classname="tests.test_iteration12.TestBookingAPI" name="test_booking_slots" time="0.127" /><testcase classname="tests.test_iteration12.TestBookingAPI" name="test_create_booking" time="0.212" /><testcase classname="tests.test_iteration12.TestContactAPI" name="test_contact_form" time="0.118" /><testcase classname="tests.test_iteration12.TestAdminAPI" name="test_admin_login" time="0.176" /><testcase classname="tests.test_iteration12.TestAdminAPI" name="test_admin_me" time="0.344" /><testcase classname="tests.test_iteration12.TestAdminAPI" name="test_admin_stats" time="0.313" /><testcase classname="tests.test_iteration12.TestAdminAPI" name="test_admin_leads" time="0.252" /><testcase classname="tests.test_iteration12.TestAdminAPI" name="test_admin_bookings" time="0.265" /><testcase classname="tests.test_iteration12.TestAnalytics" name="test_track_event" time="0.112" /></testsuite></testsuites>