<?xml version="1.0" encoding="utf-8"?><testsuites name="pytest tests"><testsuite name="pytest" errors="0" failures="0" skipped="0" tests="22" time="12.686" timestamp="2026-04-03T03:48:46.800252+00:00" hostname="agent-env-e511dfe9-fc84-4edd-9e5e-6ba9f2cea19f"><testcase classname="backend.tests.test_iteration_18.TestHealthAndExistingAPIs" name="test_health_endpoint" time="0.269" /><testcase classname="backend.tests.test_iteration_18.TestHealthAndExistingAPIs" name="test_product_tariffs" time="0.156" /><testcase classname="backend.tests.test_iteration_18.TestHealthAndExistingAPIs" name="test_product_descriptions" time="0.138" /><testcase classname="backend.tests.test_iteration_18.TestHealthAndExistingAPIs" name="test_product_faq" time="0.132" /><testcase classname="backend.tests.test_iteration_18.TestHealthAndExistingAPIs" name="test_booking_slots" time="0.152" /><testcase classname="backend.tests.test_iteration_18.TestHealthAndExistingAPIs" name="test_tariff_sheet_pdf" time="0.173" /><testcase classname="backend.tests.test_iteration_18.TestAdminAuthentication" name="test_admin_login_success" time="0.188" /><testcase classname="backend.tests.test_iteration_18.TestAdminAuthentication" name="test_admin_login_invalid" time="0.140" /><testcase classname="backend.tests.test_iteration_18.TestCustomerMemoryAPI" name="test_customer_memory_endpoint_exists" time="0.319" /><testcase classname="backend.tests.test_iteration_18.TestCustomerMemoryAPI" name="test_customer_memory_returns_structure" time="0.333" /><testcase classname="backend.tests.test_iteration_18.TestAdminChatSessions" name="test_chat_sessions_list" time="0.301" /><testcase classname="backend.tests.test_iteration_18.TestAdminChatSessions" name="test_chat_sessions_structure" time="0.303" /><testcase classname="backend.tests.test_iteration_18.TestAdminTimeline" name="test_timeline_endpoint" time="0.309" /><testcase classname="backend.tests.test_iteration_18.TestAdminTimeline" name="test_timeline_event_structure" time="0.313" /><testcase classname="backend.tests.test_iteration_18.TestAdminLeadNotes" name="test_add_lead_note_endpoint" time="0.762" /><testcase classname="backend.tests.test_iteration_18.TestCustomerPortalAPI" name="test_portal_invalid_token" time="0.143" /><testcase classname="backend.tests.test_iteration_18.TestCustomerPortalAPI" name="test_portal_missing_token" time="0.125" /><testcase classname="backend.tests.test_iteration_18.TestChatAPI" name="test_chat_message_endpoint" time="2.773" /><testcase classname="backend.tests.test_iteration_18.TestChatAPI" name="test_chat_returns_qualification" time="4.773" /><testcase classname="backend.tests.test_iteration_18.TestAdminStats" name="test_admin_stats" time="0.317" /><testcase classname="backend.tests.test_iteration_18.TestAdminStats" name="test_admin_commercial_stats" time="0.334" /><testcase classname="backend.tests.test_iteration_18.TestEmailTemplateSignature" name="test_email_template_has_signature_elements" time="0.132" /></testsuite></testsuites>