<?xml version="1.0" encoding="utf-8"?><testsuites name="pytest tests"><testsuite name="pytest" errors="0" failures="0" skipped="0" tests="27" time="5.729" timestamp="2026-04-03T18:39:19.042319+00:00" hostname="agent-env-ba57f1c5-2c1c-49c6-a3fe-28cd8f27846c"><testcase classname="backend.tests.test_billing_webhooks_p3.TestBillingWebhooksP3" name="test_revolut_webhook_order_completed" time="0.203" /><testcase classname="backend.tests.test_billing_webhooks_p3.TestBillingWebhooksP3" name="test_revolut_webhook_idempotent" time="0.237" /><testcase classname="backend.tests.test_billing_webhooks_p3.TestBillingWebhooksP3" name="test_revolut_webhook_payment_failed" time="0.127" /><testcase classname="backend.tests.test_billing_webhooks_p3.TestBillingWebhooksP3" name="test_stripe_webhook_payment_succeeded" time="0.118" /><testcase classname="backend.tests.test_billing_webhooks_p3.TestBillingWebhooksP3" name="test_stripe_webhook_idempotent" time="0.230" /><testcase classname="backend.tests.test_billing_webhooks_p3.TestBillingWebhooksP3" name="test_stripe_webhook_payment_failed" time="0.119" /><testcase classname="backend.tests.test_billing_webhooks_p3.TestBillingWebhooksP3" name="test_mark_invoice_paid_bank_transfer" time="0.362" /><testcase classname="backend.tests.test_billing_webhooks_p3.TestBillingWebhooksP3" name="test_mark_invoice_paid_already_paid" time="0.135" /><testcase classname="backend.tests.test_billing_webhooks_p3.TestBillingWebhooksP3" name="test_mark_invoice_paid_bar" time="0.246" /><testcase classname="backend.tests.test_billing_webhooks_p3.TestBillingWebhooksP3" name="test_mark_invoice_paid_not_found" time="0.117" /><testcase classname="backend.tests.test_billing_webhooks_p3.TestBillingWebhooksP3" name="test_send_reminder_escalation" time="1.486" /><testcase classname="backend.tests.test_billing_webhooks_p3.TestBillingWebhooksP3" name="test_send_reminder_paid_invoice" time="0.138" /><testcase classname="backend.tests.test_billing_webhooks_p3.TestBillingWebhooksP3" name="test_send_reminder_not_found" time="0.106" /><testcase classname="backend.tests.test_billing_webhooks_p3.TestBillingWebhooksP3" name="test_billing_status_global" time="0.127" /><testcase classname="backend.tests.test_billing_webhooks_p3.TestBillingWebhooksP3" name="test_billing_status_per_customer" time="0.254" /><testcase classname="backend.tests.test_billing_webhooks_p3.TestBillingWebhooksP3" name="test_create_invoice" time="0.110" /><testcase classname="backend.tests.test_billing_webhooks_p3.TestBillingWebhooksP3" name="test_list_invoices" time="0.100" /><testcase classname="backend.tests.test_billing_webhooks_p3.TestBillingWebhooksP3" name="test_get_invoice_detail" time="0.099" /><testcase classname="backend.tests.test_billing_webhooks_p3.TestBillingWebhooksP3" name="test_timeline_events_for_payment" time="0.342" /><testcase classname="backend.tests.test_billing_webhooks_p3.TestWebhookEdgeCases" name="test_revolut_webhook_invalid_json" time="0.100" /><testcase classname="backend.tests.test_billing_webhooks_p3.TestWebhookEdgeCases" name="test_stripe_webhook_invalid_json" time="0.117" /><testcase classname="backend.tests.test_billing_webhooks_p3.TestWebhookEdgeCases" name="test_revolut_webhook_empty_event" time="0.111" /><testcase classname="backend.tests.test_billing_webhooks_p3.TestWebhookEdgeCases" name="test_stripe_webhook_unknown_event_type" time="0.123" /><testcase classname="backend.tests.test_billing_webhooks_p3.TestAuthRequired" name="test_billing_status_requires_auth" time="0.142" /><testcase classname="backend.tests.test_billing_webhooks_p3.TestAuthRequired" name="test_mark_paid_requires_auth" time="0.122" /><testcase classname="backend.tests.test_billing_webhooks_p3.TestAuthRequired" name="test_send_reminder_requires_auth" time="0.139" /><testcase classname="backend.tests.test_billing_webhooks_p3.TestAuthRequired" name="test_create_invoice_requires_auth" time="0.098" /></testsuite></testsuites>