<?xml version="1.0" encoding="utf-8"?><testsuites name="pytest tests"><testsuite name="pytest" errors="0" failures="0" skipped="0" tests="20" time="4.008" timestamp="2026-04-03T19:21:04.472508+00:00" hostname="agent-env-ba57f1c5-2c1c-49c6-a3fe-28cd8f27846c"><testcase classname="backend.tests.test_customer_portal_p1.TestAdminContractEndpoints" name="test_admin_list_contracts" time="0.346" /><testcase classname="backend.tests.test_customer_portal_p1.TestAdminContractEndpoints" name="test_admin_list_contracts_by_status" time="0.142" /><testcase classname="backend.tests.test_customer_portal_p1.TestAdminContractEndpoints" name="test_admin_create_contract" time="0.145" /><testcase classname="backend.tests.test_customer_portal_p1.TestAdminContractEndpoints" name="test_admin_get_contract_detail" time="0.254" /><testcase classname="backend.tests.test_customer_portal_p1.TestAdminContractEndpoints" name="test_admin_update_contract_status" time="0.430" /><testcase classname="backend.tests.test_customer_portal_p1.TestAdminContractEndpoints" name="test_admin_add_appendix" time="0.307" /><testcase classname="backend.tests.test_customer_portal_p1.TestAdminContractEndpoints" name="test_admin_send_contract" time="0.495" /><testcase classname="backend.tests.test_customer_portal_p1.TestAdminContractEndpoints" name="test_admin_get_evidence" time="0.114" /><testcase classname="backend.tests.test_customer_portal_p1.TestCustomerContractEndpoints" name="test_customer_contracts_requires_auth" time="0.113" /><testcase classname="backend.tests.test_customer_portal_p1.TestCustomerContractEndpoints" name="test_customer_contract_detail_requires_auth" time="0.112" /><testcase classname="backend.tests.test_customer_portal_p1.TestCustomerContractEndpoints" name="test_customer_accept_requires_auth" time="0.099" /><testcase classname="backend.tests.test_customer_portal_p1.TestCustomerContractEndpoints" name="test_customer_decline_requires_auth" time="0.108" /><testcase classname="backend.tests.test_customer_portal_p1.TestCustomerContractEndpoints" name="test_customer_change_request_requires_auth" time="0.124" /><testcase classname="backend.tests.test_customer_portal_p1.TestCustomerProjectEndpoints" name="test_customer_projects_requires_auth" time="0.100" /><testcase classname="backend.tests.test_customer_portal_p1.TestCustomerProjectEndpoints" name="test_customer_project_detail_requires_auth" time="0.132" /><testcase classname="backend.tests.test_customer_portal_p1.TestCustomerProjectEndpoints" name="test_customer_project_chat_requires_auth" time="0.154" /><testcase classname="backend.tests.test_customer_portal_p1.TestContractAcceptanceValidation" name="test_contract_legal_modules_structure" time="0.211" /><testcase classname="backend.tests.test_customer_portal_p1.TestContractAcceptanceValidation" name="test_contract_document_hash_exists" time="0.236" /><testcase classname="backend.tests.test_customer_portal_p1.TestAdminProjectEndpoints" name="test_admin_list_projects" time="0.174" /><testcase classname="backend.tests.test_customer_portal_p1.TestAdminProjectEndpoints" name="test_admin_project_detail" time="0.115" /></testsuite></testsuites>