<?xml version="1.0" encoding="utf-8"?><testsuites name="pytest tests"><testsuite name="pytest" errors="0" failures="0" skipped="0" tests="13" time="1.902" timestamp="2026-04-02T21:22:45.589591+00:00" hostname="agent-env-e511dfe9-fc84-4edd-9e5e-6ba9f2cea19f"><testcase classname="tests.test_iteration_17.TestPDFTariffSheets" name="test_tariff_sheet_all_categories" time="0.293" /><testcase classname="tests.test_iteration_17.TestPDFTariffSheets" name="test_tariff_sheet_seo" time="0.114" /><testcase classname="tests.test_iteration_17.TestPDFTariffSheets" name="test_tariff_sheet_apps" time="0.174" /><testcase classname="tests.test_iteration_17.TestPDFTariffSheets" name="test_tariff_sheet_addons" time="0.125" /><testcase classname="tests.test_iteration_17.TestPDFTariffSheets" name="test_tariff_sheet_bundles" time="0.149" /><testcase classname="tests.test_iteration_17.TestPDFTariffSheets" name="test_tariff_sheet_agents" time="0.127" /><testcase classname="tests.test_iteration_17.TestPDFTariffSheets" name="test_tariff_sheet_websites" time="0.119" /><testcase classname="tests.test_iteration_17.TestProductDescriptions" name="test_product_descriptions_structure" time="0.106" /><testcase classname="tests.test_iteration_17.TestProductDescriptions" name="test_product_descriptions_content" time="0.132" /><testcase classname="tests.test_iteration_17.TestHealthAndBasicEndpoints" name="test_health_endpoint" time="0.102" /><testcase classname="tests.test_iteration_17.TestHealthAndBasicEndpoints" name="test_company_endpoint" time="0.112" /><testcase classname="tests.test_iteration_17.TestHealthAndBasicEndpoints" name="test_tariffs_endpoint" time="0.151" /><testcase classname="tests.test_iteration_17.TestBundleCatalog" name="test_bundle_prices" time="0.113" /></testsuite></testsuites>