<?xml version="1.0" encoding="utf-8"?><testsuites name="pytest tests"><testsuite name="pytest" errors="0" failures="0" skipped="0" tests="27" time="4.531" timestamp="2026-04-03T23:45:55.557389+00:00" hostname="agent-env-ba57f1c5-2c1c-49c6-a3fe-28cd8f27846c"><testcase classname="tests.test_iteration_40_regression.TestPublicRoutes" name="test_health_endpoint" time="0.163" /><testcase classname="tests.test_iteration_40_regression.TestPublicRoutes" name="test_company_endpoint" time="0.114" /><testcase classname="tests.test_iteration_40_regression.TestPublicRoutes" name="test_product_tariffs" time="0.111" /><testcase classname="tests.test_iteration_40_regression.TestPublicRoutes" name="test_product_faq" time="0.105" /><testcase classname="tests.test_iteration_40_regression.TestPublicRoutes" name="test_product_services" time="0.119" /><testcase classname="tests.test_iteration_40_regression.TestPublicRoutes" name="test_booking_slots" time="0.134" /><testcase classname="tests.test_iteration_40_regression.TestPublicRoutes" name="test_contact_form" time="0.131" /><testcase classname="tests.test_iteration_40_regression.TestAuthRoutes" name="test_admin_login" time="0.147" /><testcase classname="tests.test_iteration_40_regression.TestAuthRoutes" name="test_admin_me" time="0.246" /><testcase classname="tests.test_iteration_40_regression.TestAdminRoutes" name="test_admin_stats" time="0.147" /><testcase classname="tests.test_iteration_40_regression.TestAdminRoutes" name="test_admin_leads" time="0.113" /><testcase classname="tests.test_iteration_40_regression.TestAdminRoutes" name="test_admin_bookings" time="0.114" /><testcase classname="tests.test_iteration_40_regression.TestAdminRoutes" name="test_admin_calendar_data" time="0.106" /><testcase classname="tests.test_iteration_40_regression.TestBillingRoutes" name="test_admin_quotes" time="0.113" /><testcase classname="tests.test_iteration_40_regression.TestBillingRoutes" name="test_admin_invoices" time="0.122" /><testcase classname="tests.test_iteration_40_regression.TestBillingRoutes" name="test_admin_billing_status" time="0.108" /><testcase classname="tests.test_iteration_40_regression.TestBillingRoutes" name="test_admin_email_stats" time="0.103" /><testcase classname="tests.test_iteration_40_regression.TestContractRoutes" name="test_admin_contracts" time="0.136" /><testcase classname="tests.test_iteration_40_regression.TestProjectRoutes" name="test_admin_projects" time="0.100" /><testcase classname="tests.test_iteration_40_regression.TestOutboundRoutes" name="test_admin_outbound_pipeline" time="0.110" /><testcase classname="tests.test_iteration_40_regression.TestCommsRoutes" name="test_admin_conversations" time="0.095" /><testcase classname="tests.test_iteration_40_regression.TestMonitoringRoutes" name="test_admin_monitoring_status" time="0.115" /><testcase classname="tests.test_iteration_40_regression.TestMonitoringRoutes" name="test_admin_workers_status" time="0.113" /><testcase classname="tests.test_iteration_40_regression.TestMonitoringRoutes" name="test_admin_agents" time="0.100" /><testcase classname="tests.test_iteration_40_regression.TestMonitoringRoutes" name="test_admin_llm_status" time="0.107" /><testcase classname="tests.test_iteration_40_regression.TestMonitoringRoutes" name="test_admin_audit_health" time="0.106" /><testcase classname="tests.test_iteration_40_regression.TestE2EVerification" name="test_e2e_verify_flow" time="1.255" /></testsuite></testsuites>