<?xml version="1.0" encoding="utf-8"?><testsuites name="pytest tests"><testsuite name="pytest" errors="0" failures="0" skipped="0" tests="15" time="3.452" timestamp="2026-04-05T04:27:42.066856+00:00" hostname="agent-env-ba57f1c5-2c1c-49c6-a3fe-28cd8f27846c"><testcase classname="backend.tests.test_nexify_ai_iteration_69.TestAdminAuth" name="test_admin_login" time="0.311" /><testcase classname="backend.tests.test_nexify_ai_iteration_69.TestProactiveMode" name="test_get_proactive_config" time="0.307" /><testcase classname="backend.tests.test_nexify_ai_iteration_69.TestProactiveMode" name="test_enable_proactive_mode" time="0.121" /><testcase classname="backend.tests.test_nexify_ai_iteration_69.TestProactiveMode" name="test_disable_proactive_mode" time="0.153" /><testcase classname="backend.tests.test_nexify_ai_iteration_69.TestProactiveMode" name="test_trigger_proactive_task_health_check" time="0.117" /><testcase classname="backend.tests.test_nexify_ai_iteration_69.TestProactiveMode" name="test_trigger_invalid_task" time="0.108" /><testcase classname="backend.tests.test_nexify_ai_iteration_69.TestAgentCRUD" name="test_list_agents_includes_master" time="0.240" /><testcase classname="backend.tests.test_nexify_ai_iteration_69.TestAgentCRUD" name="test_create_agent" time="0.099" /><testcase classname="backend.tests.test_nexify_ai_iteration_69.TestAgentCRUD" name="test_delete_agent" time="0.228" /><testcase classname="backend.tests.test_nexify_ai_iteration_69.TestAgentCRUD" name="test_cannot_delete_master" time="0.105" /><testcase classname="backend.tests.test_nexify_ai_iteration_69.TestToolExecution" name="test_execute_shell_tool" time="0.288" /><testcase classname="backend.tests.test_nexify_ai_iteration_69.TestToolExecution" name="test_system_stats_tool" time="0.121" /><testcase classname="backend.tests.test_nexify_ai_iteration_69.TestDashboardStats" name="test_admin_stats" time="0.286" /><testcase classname="backend.tests.test_nexify_ai_iteration_69.TestLeadsEndpoint" name="test_list_leads" time="0.235" /><testcase classname="backend.tests.test_nexify_ai_iteration_69.TestContactsEndpoint" name="test_list_contacts" time="0.632" /></testsuite></testsuites>